<?xml version="1.0" encoding="UTF-8"?>
<testsuites name="TS - Register" time="102.653" tests="3" failures="1" errors="0">
   <testsuite name="TS - Register" tests="3" failures="1" errors="0" time="102.653" skipped="0" timestamp="2021-09-29 08:18:57" hostname="Luqman Rofif - DESKTOP-KQT0551" id="Test Suites/TS - Register">
      <properties>
         <property name="deviceName" value=""/>
         <property name="devicePlatform" value=""/>
         <property name="logFolder" value="C:\\DOK\\Intern\\Php Travels\\Reports\\20210929_081850\\TS - Register\\20210929_081850"/>
         <property name="logFiles" value="C:\\DOK\\Intern\\Php Travels\\Reports\\20210929_081850\\TS - Register\\20210929_081850\\execution0.log"/>
         <property name="attachments" value="C:\\DOK\\Intern\\Php Travels\\Reports\\20210929_081850\\TS - Register\\20210929_081850\\1632878352877.png"/>
         <property name="hostName" value="Luqman Rofif - DESKTOP-KQT0551"/>
         <property name="os" value="Windows 10 64bit"/>
         <property name="katalonVersion" value="8.1.0.208"/>
         <property name="browser" value="Edge Chromium 94"/>
         <property name="hostAddress" value="192.168.43.85"/>
         <property name="sessionId" value="e4c80f088eeb59bd8f49176e4078e1f5"/>
         <property name="seleniumVersion" value="3.141.59"/>
         <property name="proxyInformation" value="ProxyInformation { proxyOption=NO_PROXY, proxyServerType=HTTP, username=, password=********, proxyServerAddress=, proxyServerPort=0, executionList=&quot;&quot;, isApplyToDesiredCapabilities=true }"/>
         <property name="platform" value="Windows 10"/>
      </properties>
      <testcase name="Test Cases/TC - Register" time="14.844" classname="Test Cases/TC - Register" status="FAILED">
         <failure type="FAILED" message="Test Cases/TC - Register FAILED.
Reason:
com.kms.katalon.core.exception.StepFailedException: Unable to click on object 'Object Repository/Page_Signup - PHPTRAVEL/Page_Signup - PHPTRAVELS/span_Signup'
	at com.kms.katalon.core.webui.keyword.internal.WebUIKeywordMain.stepFailed(WebUIKeywordMain.groovy:64)
	at com.kms.katalon.core.webui.keyword.internal.WebUIKeywordMain.runKeyword(WebUIKeywordMain.groovy:26)
	at com.kms.katalon.core.webui.keyword.builtin.ClickKeyword.click(ClickKeyword.groovy:75)
	at com.kms.katalon.core.webui.keyword.builtin.ClickKeyword.execute(ClickKeyword.groovy:42)
	at com.kms.katalon.core.keyword.internal.KeywordExecutor.executeKeywordForPlatform(KeywordExecutor.groovy:74)
	at com.kms.katalon.core.webui.keyword.WebUiBuiltInKeywords.click(WebUiBuiltInKeywords.groovy:620)
	at com.kms.katalon.core.webui.keyword.WebUiBuiltInKeywords$click$1.call(Unknown Source)
	at TC - Register.run(TC - Register:51)
	at com.kms.katalon.core.main.ScriptEngine.run(ScriptEngine.java:194)
	at com.kms.katalon.core.main.ScriptEngine.runScriptAsRawText(ScriptEngine.java:119)
	at com.kms.katalon.core.main.TestCaseExecutor.runScript(TestCaseExecutor.java:430)
	at com.kms.katalon.core.main.TestCaseExecutor.doExecute(TestCaseExecutor.java:421)
	at com.kms.katalon.core.main.TestCaseExecutor.processExecutionPhase(TestCaseExecutor.java:400)
	at com.kms.katalon.core.main.TestCaseExecutor.accessMainPhase(TestCaseExecutor.java:392)
	at com.kms.katalon.core.main.TestCaseExecutor.execute(TestCaseExecutor.java:273)
	at com.kms.katalon.core.main.TestSuiteExecutor.accessTestCaseMainPhase(TestSuiteExecutor.java:202)
	at com.kms.katalon.core.main.TestSuiteExecutor.accessTestSuiteMainPhase(TestSuiteExecutor.java:164)
	at com.kms.katalon.core.main.TestSuiteExecutor.execute(TestSuiteExecutor.java:105)
	at com.kms.katalon.core.main.TestCaseMain.startTestSuite(TestCaseMain.java:185)
	at com.kms.katalon.core.main.TestCaseMain$startTestSuite$0.call(Unknown Source)
	at TempTestSuite1632878330485.run(TempTestSuite1632878330485.groovy:36)
Caused by: org.openqa.selenium.ElementClickInterceptedException: element click intercepted: Element is not clickable at point (677, 686)
  (Session info: MicrosoftEdge=94.0.992.31)
Build info: version: '3.141.59', revision: 'e82be7d358', time: '2018-11-14T08:25:53'
System info: host: 'DESKTOP-KQT0551', ip: '192.168.43.85', os.name: 'Windows 10', os.arch: 'amd64', os.version: '10.0', java.version: '1.8.0_282'
Driver info: com.kms.katalon.selenium.driver.CEdgeDriver
Capabilities {acceptInsecureCerts: false, browserName: msedge, browserVersion: 94.0.992.31, javascriptEnabled: true, ms:edgeOptions: {debuggerAddress: localhost:60826}, msedge: {msedgedriverVersion: 93.0.961.52 (55ddfa3ef85052..., userDataDir: C:\Users\LUQMAN~1\AppData\L...}, networkConnectionEnabled: false, pageLoadStrategy: normal, platform: WINDOWS, platformName: WINDOWS, proxy: Proxy(), setWindowRect: true, strictFileInteractability: false, timeouts: {implicit: 0, pageLoad: 300000, script: 30000}, unhandledPromptBehavior: dismiss and notify, webauthn:extension:credBlob: true, webauthn:extension:largeBlob: true, webauthn:virtualAuthenticators: true}
Session ID: 154aaf3f808d938824cf85dbf0cb3617
	at org.openqa.selenium.remote.http.W3CHttpResponseCodec.createException(W3CHttpResponseCodec.java:187)
	at org.openqa.selenium.remote.http.W3CHttpResponseCodec.decode(W3CHttpResponseCodec.java:122)
	at org.openqa.selenium.remote.http.W3CHttpResponseCodec.decode(W3CHttpResponseCodec.java:49)
	at org.openqa.selenium.remote.HttpCommandExecutor.execute(HttpCommandExecutor.java:158)
	at org.openqa.selenium.remote.service.DriverCommandExecutor.execute(DriverCommandExecutor.java:83)
	at org.openqa.selenium.remote.RemoteWebDriver.execute(RemoteWebDriver.java:552)
	at com.kms.katalon.selenium.driver.CEdgeDriver.execute(CEdgeDriver.java:20)
	at org.openqa.selenium.remote.RemoteWebElement.execute(RemoteWebElement.java:285)
	at org.openqa.selenium.remote.RemoteWebElement.click(RemoteWebElement.java:84)
	at org.openqa.selenium.support.events.EventFiringWebDriver$EventFiringWebElement.lambda$new$0(EventFiringWebDriver.java:404)
	at com.sun.proxy.$Proxy11.click(Unknown Source)
	at org.openqa.selenium.support.events.EventFiringWebDriver$EventFiringWebElement.click(EventFiringWebDriver.java:417)
	at com.kms.katalon.core.webui.keyword.builtin.ClickKeyword$_click_closure1.doCall(ClickKeyword.groovy:68)
	at com.kms.katalon.core.webui.keyword.builtin.ClickKeyword$_click_closure1.call(ClickKeyword.groovy)
	at com.kms.katalon.core.webui.keyword.internal.WebUIKeywordMain.runKeyword(WebUIKeywordMain.groovy:20)
	... 19 more
"/>
         <system-out><![CDATA[2021-09-29 08:18:58 - [TEST_CASE][FAILED] - Test Cases/TC - Register: Test Cases/TC - Register FAILED.
Reason:
com.kms.katalon.core.exception.StepFailedException: Unable to click on object 'Object Repository/Page_Signup - PHPTRAVEL/Page_Signup - PHPTRAVELS/span_Signup'
	at com.kms.katalon.core.webui.keyword.internal.WebUIKeywordMain.stepFailed(WebUIKeywordMain.groovy:64)
	at com.kms.katalon.core.webui.keyword.internal.WebUIKeywordMain.runKeyword(WebUIKeywordMain.groovy:26)
	at com.kms.katalon.core.webui.keyword.builtin.ClickKeyword.click(ClickKeyword.groovy:75)
	at com.kms.katalon.core.webui.keyword.builtin.ClickKeyword.execute(ClickKeyword.groovy:42)
	at com.kms.katalon.core.keyword.internal.KeywordExecutor.executeKeywordForPlatform(KeywordExecutor.groovy:74)
	at com.kms.katalon.core.webui.keyword.WebUiBuiltInKeywords.click(WebUiBuiltInKeywords.groovy:620)
	at com.kms.katalon.core.webui.keyword.WebUiBuiltInKeywords$click$1.call(Unknown Source)
	at TC - Register.run(TC - Register:51)
	at com.kms.katalon.core.main.ScriptEngine.run(ScriptEngine.java:194)
	at com.kms.katalon.core.main.ScriptEngine.runScriptAsRawText(ScriptEngine.java:119)
	at com.kms.katalon.core.main.TestCaseExecutor.runScript(TestCaseExecutor.java:430)
	at com.kms.katalon.core.main.TestCaseExecutor.doExecute(TestCaseExecutor.java:421)
	at com.kms.katalon.core.main.TestCaseExecutor.processExecutionPhase(TestCaseExecutor.java:400)
	at com.kms.katalon.core.main.TestCaseExecutor.accessMainPhase(TestCaseExecutor.java:392)
	at com.kms.katalon.core.main.TestCaseExecutor.execute(TestCaseExecutor.java:273)
	at com.kms.katalon.core.main.TestSuiteExecutor.accessTestCaseMainPhase(TestSuiteExecutor.java:202)
	at com.kms.katalon.core.main.TestSuiteExecutor.accessTestSuiteMainPhase(TestSuiteExecutor.java:164)
	at com.kms.katalon.core.main.TestSuiteExecutor.execute(TestSuiteExecutor.java:105)
	at com.kms.katalon.core.main.TestCaseMain.startTestSuite(TestCaseMain.java:185)
	at com.kms.katalon.core.main.TestCaseMain$startTestSuite$0.call(Unknown Source)
	at TempTestSuite1632878330485.run(TempTestSuite1632878330485.groovy:36)
Caused by: org.openqa.selenium.ElementClickInterceptedException: element click intercepted: Element is not clickable at point (677, 686)
  (Session info: MicrosoftEdge=94.0.992.31)
Build info: version: '3.141.59', revision: 'e82be7d358', time: '2018-11-14T08:25:53'
System info: host: 'DESKTOP-KQT0551', ip: '192.168.43.85', os.name: 'Windows 10', os.arch: 'amd64', os.version: '10.0', java.version: '1.8.0_282'
Driver info: com.kms.katalon.selenium.driver.CEdgeDriver
Capabilities {acceptInsecureCerts: false, browserName: msedge, browserVersion: 94.0.992.31, javascriptEnabled: true, ms:edgeOptions: {debuggerAddress: localhost:60826}, msedge: {msedgedriverVersion: 93.0.961.52 (55ddfa3ef85052..., userDataDir: C:\Users\LUQMAN~1\AppData\L...}, networkConnectionEnabled: false, pageLoadStrategy: normal, platform: WINDOWS, platformName: WINDOWS, proxy: Proxy(), setWindowRect: true, strictFileInteractability: false, timeouts: {implicit: 0, pageLoad: 300000, script: 30000}, unhandledPromptBehavior: dismiss and notify, webauthn:extension:credBlob: true, webauthn:extension:largeBlob: true, webauthn:virtualAuthenticators: true}
Session ID: 154aaf3f808d938824cf85dbf0cb3617
	at org.openqa.selenium.remote.http.W3CHttpResponseCodec.createException(W3CHttpResponseCodec.java:187)
	at org.openqa.selenium.remote.http.W3CHttpResponseCodec.decode(W3CHttpResponseCodec.java:122)
	at org.openqa.selenium.remote.http.W3CHttpResponseCodec.decode(W3CHttpResponseCodec.java:49)
	at org.openqa.selenium.remote.HttpCommandExecutor.execute(HttpCommandExecutor.java:158)
	at org.openqa.selenium.remote.service.DriverCommandExecutor.execute(DriverCommandExecutor.java:83)
	at org.openqa.selenium.remote.RemoteWebDriver.execute(RemoteWebDriver.java:552)
	at com.kms.katalon.selenium.driver.CEdgeDriver.execute(CEdgeDriver.java:20)
	at org.openqa.selenium.remote.RemoteWebElement.execute(RemoteWebElement.java:285)
	at org.openqa.selenium.remote.RemoteWebElement.click(RemoteWebElement.java:84)
	at org.openqa.selenium.support.events.EventFiringWebDriver$EventFiringWebElement.lambda$new$0(EventFiringWebDriver.java:404)
	at com.sun.proxy.$Proxy11.click(Unknown Source)
	at org.openqa.selenium.support.events.EventFiringWebDriver$EventFiringWebElement.click(EventFiringWebDriver.java:417)
	at com.kms.katalon.core.webui.keyword.builtin.ClickKeyword$_click_closure1.doCall(ClickKeyword.groovy:68)
	at com.kms.katalon.core.webui.keyword.builtin.ClickKeyword$_click_closure1.call(ClickKeyword.groovy)
	at com.kms.katalon.core.webui.keyword.internal.WebUIKeywordMain.runKeyword(WebUIKeywordMain.groovy:20)
	... 19 more


2021-09-29 08:18:58 - [TEST_STEP][PASSED] - openBrowser("https://www.phptravels.net/"): Browser is opened with url: 'https://www.phptravels.net/'

2021-09-29 08:18:59 - [MESSAGE][INFO] - Starting 'Edge Chromium' driver

2021-09-29 08:18:59 - [MESSAGE][INFO] - Action delay is set to 0 milliseconds

2021-09-29 08:19:08 - [MESSAGE][PASSED] - Browser is opened with url: 'https://www.phptravels.net/'

2021-09-29 08:19:08 - [TEST_STEP][PASSED] - maximizeWindow(): Current window maximized

2021-09-29 08:19:09 - [MESSAGE][PASSED] - Current window maximized

2021-09-29 08:19:09 - [TEST_STEP][PASSED] - click(findTestObject("Page_PHPTRAVEL - PHPTRAVEL/a_Signup")): Object: 'Object Repository/Page_PHPTRAVEL - PHPTRAVEL/a_Signup' is clicked on

2021-09-29 08:19:09 - [MESSAGE][PASSED] - Object: 'Object Repository/Page_PHPTRAVEL - PHPTRAVEL/a_Signup' is clicked on

2021-09-29 08:19:09 - [TEST_STEP][PASSED] - setText(findTestObject("Page_Signup - PHPTRAVEL/input_First Name_first_name"), Firstname): Text 'Dewa' is set on object 'Object Repository/Page_Signup - PHPTRAVEL/input_First Name_first_name'

2021-09-29 08:19:10 - [MESSAGE][PASSED] - Text 'Dewa' is set on object 'Object Repository/Page_Signup - PHPTRAVEL/input_First Name_first_name'

2021-09-29 08:19:10 - [TEST_STEP][PASSED] - setText(findTestObject("Page_Signup - PHPTRAVEL/input_Last Name_last_name"), Lastname): Text 'Ferdy' is set on object 'Object Repository/Page_Signup - PHPTRAVEL/input_Last Name_last_name'

2021-09-29 08:19:10 - [MESSAGE][PASSED] - Text 'Ferdy' is set on object 'Object Repository/Page_Signup - PHPTRAVEL/input_Last Name_last_name'

2021-09-29 08:19:10 - [TEST_STEP][PASSED] - setText(findTestObject("Page_Signup - PHPTRAVEL/input_Phone_phone"), Phone): Text '082234567' is set on object 'Object Repository/Page_Signup - PHPTRAVEL/input_Phone_phone'

2021-09-29 08:19:10 - [MESSAGE][PASSED] - Text '082234567' is set on object 'Object Repository/Page_Signup - PHPTRAVEL/input_Phone_phone'

2021-09-29 08:19:10 - [TEST_STEP][PASSED] - setText(findTestObject("Page_Signup - PHPTRAVEL/input_Email_email"), Email): Text 'dwferdy@gmail.com' is set on object 'Object Repository/Page_Signup - PHPTRAVEL/input_Email_email'

2021-09-29 08:19:10 - [MESSAGE][PASSED] - Text 'dwferdy@gmail.com' is set on object 'Object Repository/Page_Signup - PHPTRAVEL/input_Email_email'

2021-09-29 08:19:10 - [TEST_STEP][PASSED] - setText(findTestObject("Page_Signup - PHPTRAVEL/input_Password_password"), Password): Text 'ferdy123123' is set on object 'Object Repository/Page_Signup - PHPTRAVEL/input_Password_password'

2021-09-29 08:19:11 - [MESSAGE][PASSED] - Text 'ferdy123123' is set on object 'Object Repository/Page_Signup - PHPTRAVEL/input_Password_password'

2021-09-29 08:19:11 - [TEST_STEP][PASSED] - click(findTestObject("Page_Signup - PHPTRAVEL/Page_Signup - PHPTRAVELS/span_Customer")): Object: 'Object Repository/Page_Signup - PHPTRAVEL/Page_Signup - PHPTRAVELS/span_Customer' is clicked on

2021-09-29 08:19:11 - [MESSAGE][PASSED] - Object: 'Object Repository/Page_Signup - PHPTRAVEL/Page_Signup - PHPTRAVELS/span_Customer' is clicked on

2021-09-29 08:19:11 - [TEST_STEP][PASSED] - if (AccountType == "Customer"): Keys 'ENTER + ' sent to object: 'Object Repository/Page_Signup - PHPTRAVEL/input__select2-search__field'

2021-09-29 08:19:11 - [TEST_STEP][PASSED] - setText(findTestObject("Page_Signup - PHPTRAVEL/input__select2-search__field"), "Customer", STOP_ON_FAILURE): Text 'Customer' is set on object 'Object Repository/Page_Signup - PHPTRAVEL/input__select2-search__field'

2021-09-29 08:19:11 - [MESSAGE][PASSED] - Text 'Customer' is set on object 'Object Repository/Page_Signup - PHPTRAVEL/input__select2-search__field'

2021-09-29 08:19:11 - [TEST_STEP][PASSED] - sendKeys(findTestObject("Page_Signup - PHPTRAVEL/input__select2-search__field"), Keys.chord(ENTER)): Keys 'ENTER + ' sent to object: 'Object Repository/Page_Signup - PHPTRAVEL/input__select2-search__field'

2021-09-29 08:19:11 - [MESSAGE][PASSED] - Keys 'ENTER + ' sent to object: 'Object Repository/Page_Signup - PHPTRAVEL/input__select2-search__field'

2021-09-29 08:19:11 - [TEST_STEP][FAILED] - click(findTestObject("Page_Signup - PHPTRAVEL/Page_Signup - PHPTRAVELS/span_Signup")): Unable to click on object 'Object Repository/Page_Signup - PHPTRAVEL/Page_Signup - PHPTRAVELS/span_Signup' (Root cause: com.kms.katalon.core.exception.StepFailedException: Unable to click on object 'Object Repository/Page_Signup - PHPTRAVEL/Page_Signup - PHPTRAVELS/span_Signup'
	at com.kms.katalon.core.webui.keyword.internal.WebUIKeywordMain.stepFailed(WebUIKeywordMain.groovy:64)
	at com.kms.katalon.core.webui.keyword.internal.WebUIKeywordMain.runKeyword(WebUIKeywordMain.groovy:26)
	at com.kms.katalon.core.webui.keyword.builtin.ClickKeyword.click(ClickKeyword.groovy:75)
	at com.kms.katalon.core.webui.keyword.builtin.ClickKeyword.execute(ClickKeyword.groovy:42)
	at com.kms.katalon.core.keyword.internal.KeywordExecutor.executeKeywordForPlatform(KeywordExecutor.groovy:74)
	at com.kms.katalon.core.webui.keyword.WebUiBuiltInKeywords.click(WebUiBuiltInKeywords.groovy:620)
	at com.kms.katalon.core.webui.keyword.WebUiBuiltInKeywords$click$1.call(Unknown Source)
	at TC - Register.run(TC - Register:51)
	at com.kms.katalon.core.main.ScriptEngine.run(ScriptEngine.java:194)
	at com.kms.katalon.core.main.ScriptEngine.runScriptAsRawText(ScriptEngine.java:119)
	at com.kms.katalon.core.main.TestCaseExecutor.runScript(TestCaseExecutor.java:430)
	at com.kms.katalon.core.main.TestCaseExecutor.doExecute(TestCaseExecutor.java:421)
	at com.kms.katalon.core.main.TestCaseExecutor.processExecutionPhase(TestCaseExecutor.java:400)
	at com.kms.katalon.core.main.TestCaseExecutor.accessMainPhase(TestCaseExecutor.java:392)
	at com.kms.katalon.core.main.TestCaseExecutor.execute(TestCaseExecutor.java:273)
	at com.kms.katalon.core.main.TestSuiteExecutor.accessTestCaseMainPhase(TestSuiteExecutor.java:202)
	at com.kms.katalon.core.main.TestSuiteExecutor.accessTestSuiteMainPhase(TestSuiteExecutor.java:164)
	at com.kms.katalon.core.main.TestSuiteExecutor.execute(TestSuiteExecutor.java:105)
	at com.kms.katalon.core.main.TestCaseMain.startTestSuite(TestCaseMain.java:185)
	at com.kms.katalon.core.main.TestCaseMain$startTestSuite$0.call(Unknown Source)
	at TempTestSuite1632878330485.run(TempTestSuite1632878330485.groovy:36)
Caused by: org.openqa.selenium.ElementClickInterceptedException: element click intercepted: Element is not clickable at point (677, 686)
  (Session info: MicrosoftEdge=94.0.992.31)
Build info: version: '3.141.59', revision: 'e82be7d358', time: '2018-11-14T08:25:53'
System info: host: 'DESKTOP-KQT0551', ip: '192.168.43.85', os.name: 'Windows 10', os.arch: 'amd64', os.version: '10.0', java.version: '1.8.0_282'
Driver info: com.kms.katalon.selenium.driver.CEdgeDriver
Capabilities {acceptInsecureCerts: false, browserName: msedge, browserVersion: 94.0.992.31, javascriptEnabled: true, ms:edgeOptions: {debuggerAddress: localhost:60826}, msedge: {msedgedriverVersion: 93.0.961.52 (55ddfa3ef85052..., userDataDir: C:\Users\LUQMAN~1\AppData\L...}, networkConnectionEnabled: false, pageLoadStrategy: normal, platform: WINDOWS, platformName: WINDOWS, proxy: Proxy(), setWindowRect: true, strictFileInteractability: false, timeouts: {implicit: 0, pageLoad: 300000, script: 30000}, unhandledPromptBehavior: dismiss and notify, webauthn:extension:credBlob: true, webauthn:extension:largeBlob: true, webauthn:virtualAuthenticators: true}
Session ID: 154aaf3f808d938824cf85dbf0cb3617
	at org.openqa.selenium.remote.http.W3CHttpResponseCodec.createException(W3CHttpResponseCodec.java:187)
	at org.openqa.selenium.remote.http.W3CHttpResponseCodec.decode(W3CHttpResponseCodec.java:122)
	at org.openqa.selenium.remote.http.W3CHttpResponseCodec.decode(W3CHttpResponseCodec.java:49)
	at org.openqa.selenium.remote.HttpCommandExecutor.execute(HttpCommandExecutor.java:158)
	at org.openqa.selenium.remote.service.DriverCommandExecutor.execute(DriverCommandExecutor.java:83)
	at org.openqa.selenium.remote.RemoteWebDriver.execute(RemoteWebDriver.java:552)
	at com.kms.katalon.selenium.driver.CEdgeDriver.execute(CEdgeDriver.java:20)
	at org.openqa.selenium.remote.RemoteWebElement.execute(RemoteWebElement.java:285)
	at org.openqa.selenium.remote.RemoteWebElement.click(RemoteWebElement.java:84)
	at org.openqa.selenium.support.events.EventFiringWebDriver$EventFiringWebElement.lambda$new$0(EventFiringWebDriver.java:404)
	at com.sun.proxy.$Proxy11.click(Unknown Source)
	at org.openqa.selenium.support.events.EventFiringWebDriver$EventFiringWebElement.click(EventFiringWebDriver.java:417)
	at com.kms.katalon.core.webui.keyword.builtin.ClickKeyword$_click_closure1.doCall(ClickKeyword.groovy:68)
	at com.kms.katalon.core.webui.keyword.builtin.ClickKeyword$_click_closure1.call(ClickKeyword.groovy)
	at com.kms.katalon.core.webui.keyword.internal.WebUIKeywordMain.runKeyword(WebUIKeywordMain.groovy:20)
	at com.kms.katalon.core.webui.keyword.builtin.ClickKeyword.click(ClickKeyword.groovy:75)
	at com.kms.katalon.core.webui.keyword.builtin.ClickKeyword.execute(ClickKeyword.groovy:42)
	at com.kms.katalon.core.keyword.internal.KeywordExecutor.executeKeywordForPlatform(KeywordExecutor.groovy:74)
	at com.kms.katalon.core.webui.keyword.WebUiBuiltInKeywords.click(WebUiBuiltInKeywords.groovy:620)
	at com.kms.katalon.core.webui.keyword.WebUiBuiltInKeywords$click$1.call(Unknown Source)
	at Script1632832374660.run(Script1632832374660.groovy:51)
	... 13 more
)

2021-09-29 08:19:12 - [MESSAGE][FAILED] - Unable to click on object 'Object Repository/Page_Signup - PHPTRAVEL/Page_Signup - PHPTRAVELS/span_Signup' (Root cause: com.kms.katalon.core.exception.StepFailedException: Unable to click on object 'Object Repository/Page_Signup - PHPTRAVEL/Page_Signup - PHPTRAVELS/span_Signup'
	at com.kms.katalon.core.webui.keyword.internal.WebUIKeywordMain.stepFailed(WebUIKeywordMain.groovy:64)
	at com.kms.katalon.core.webui.keyword.internal.WebUIKeywordMain.runKeyword(WebUIKeywordMain.groovy:26)
	at com.kms.katalon.core.webui.keyword.builtin.ClickKeyword.click(ClickKeyword.groovy:75)
	at com.kms.katalon.core.webui.keyword.builtin.ClickKeyword.execute(ClickKeyword.groovy:42)
	at com.kms.katalon.core.keyword.internal.KeywordExecutor.executeKeywordForPlatform(KeywordExecutor.groovy:74)
	at com.kms.katalon.core.webui.keyword.WebUiBuiltInKeywords.click(WebUiBuiltInKeywords.groovy:620)
	at com.kms.katalon.core.webui.keyword.WebUiBuiltInKeywords$click$1.call(Unknown Source)
	at TC - Register.run(TC - Register:51)
	at com.kms.katalon.core.main.ScriptEngine.run(ScriptEngine.java:194)
	at com.kms.katalon.core.main.ScriptEngine.runScriptAsRawText(ScriptEngine.java:119)
	at com.kms.katalon.core.main.TestCaseExecutor.runScript(TestCaseExecutor.java:430)
	at com.kms.katalon.core.main.TestCaseExecutor.doExecute(TestCaseExecutor.java:421)
	at com.kms.katalon.core.main.TestCaseExecutor.processExecutionPhase(TestCaseExecutor.java:400)
	at com.kms.katalon.core.main.TestCaseExecutor.accessMainPhase(TestCaseExecutor.java:392)
	at com.kms.katalon.core.main.TestCaseExecutor.execute(TestCaseExecutor.java:273)
	at com.kms.katalon.core.main.TestSuiteExecutor.accessTestCaseMainPhase(TestSuiteExecutor.java:202)
	at com.kms.katalon.core.main.TestSuiteExecutor.accessTestSuiteMainPhase(TestSuiteExecutor.java:164)
	at com.kms.katalon.core.main.TestSuiteExecutor.execute(TestSuiteExecutor.java:105)
	at com.kms.katalon.core.main.TestCaseMain.startTestSuite(TestCaseMain.java:185)
	at com.kms.katalon.core.main.TestCaseMain$startTestSuite$0.call(Unknown Source)
	at TempTestSuite1632878330485.run(TempTestSuite1632878330485.groovy:36)
Caused by: org.openqa.selenium.ElementClickInterceptedException: element click intercepted: Element is not clickable at point (677, 686)
  (Session info: MicrosoftEdge=94.0.992.31)
Build info: version: '3.141.59', revision: 'e82be7d358', time: '2018-11-14T08:25:53'
System info: host: 'DESKTOP-KQT0551', ip: '192.168.43.85', os.name: 'Windows 10', os.arch: 'amd64', os.version: '10.0', java.version: '1.8.0_282'
Driver info: com.kms.katalon.selenium.driver.CEdgeDriver
Capabilities {acceptInsecureCerts: false, browserName: msedge, browserVersion: 94.0.992.31, javascriptEnabled: true, ms:edgeOptions: {debuggerAddress: localhost:60826}, msedge: {msedgedriverVersion: 93.0.961.52 (55ddfa3ef85052..., userDataDir: C:\Users\LUQMAN~1\AppData\L...}, networkConnectionEnabled: false, pageLoadStrategy: normal, platform: WINDOWS, platformName: WINDOWS, proxy: Proxy(), setWindowRect: true, strictFileInteractability: false, timeouts: {implicit: 0, pageLoad: 300000, script: 30000}, unhandledPromptBehavior: dismiss and notify, webauthn:extension:credBlob: true, webauthn:extension:largeBlob: true, webauthn:virtualAuthenticators: true}
Session ID: 154aaf3f808d938824cf85dbf0cb3617
	at org.openqa.selenium.remote.http.W3CHttpResponseCodec.createException(W3CHttpResponseCodec.java:187)
	at org.openqa.selenium.remote.http.W3CHttpResponseCodec.decode(W3CHttpResponseCodec.java:122)
	at org.openqa.selenium.remote.http.W3CHttpResponseCodec.decode(W3CHttpResponseCodec.java:49)
	at org.openqa.selenium.remote.HttpCommandExecutor.execute(HttpCommandExecutor.java:158)
	at org.openqa.selenium.remote.service.DriverCommandExecutor.execute(DriverCommandExecutor.java:83)
	at org.openqa.selenium.remote.RemoteWebDriver.execute(RemoteWebDriver.java:552)
	at com.kms.katalon.selenium.driver.CEdgeDriver.execute(CEdgeDriver.java:20)
	at org.openqa.selenium.remote.RemoteWebElement.execute(RemoteWebElement.java:285)
	at org.openqa.selenium.remote.RemoteWebElement.click(RemoteWebElement.java:84)
	at org.openqa.selenium.support.events.EventFiringWebDriver$EventFiringWebElement.lambda$new$0(EventFiringWebDriver.java:404)
	at com.sun.proxy.$Proxy11.click(Unknown Source)
	at org.openqa.selenium.support.events.EventFiringWebDriver$EventFiringWebElement.click(EventFiringWebDriver.java:417)
	at com.kms.katalon.core.webui.keyword.builtin.ClickKeyword$_click_closure1.doCall(ClickKeyword.groovy:68)
	at com.kms.katalon.core.webui.keyword.builtin.ClickKeyword$_click_closure1.call(ClickKeyword.groovy)
	at com.kms.katalon.core.webui.keyword.internal.WebUIKeywordMain.runKeyword(WebUIKeywordMain.groovy:20)
	at com.kms.katalon.core.webui.keyword.builtin.ClickKeyword.click(ClickKeyword.groovy:75)
	at com.kms.katalon.core.webui.keyword.builtin.ClickKeyword.execute(ClickKeyword.groovy:42)
	at com.kms.katalon.core.keyword.internal.KeywordExecutor.executeKeywordForPlatform(KeywordExecutor.groovy:74)
	at com.kms.katalon.core.webui.keyword.WebUiBuiltInKeywords.click(WebUiBuiltInKeywords.groovy:620)
	at com.kms.katalon.core.webui.keyword.WebUiBuiltInKeywords$click$1.call(Unknown Source)
	at Script1632832374660.run(Script1632832374660.groovy:51)
	... 13 more
)
[[ATTACHMENT|C:\\DOK\\Intern\\Php Travels\\Reports\\20210929_081850\\TS - Register\\20210929_081850\\1632878352877.png]]]]></system-out>
         <system-err><![CDATA[2021-09-29 08:18:58 - [TEST_CASE][FAILED] - Test Cases/TC - Register: Test Cases/TC - Register FAILED.
Reason:
com.kms.katalon.core.exception.StepFailedException: Unable to click on object 'Object Repository/Page_Signup - PHPTRAVEL/Page_Signup - PHPTRAVELS/span_Signup'
	at com.kms.katalon.core.webui.keyword.internal.WebUIKeywordMain.stepFailed(WebUIKeywordMain.groovy:64)
	at com.kms.katalon.core.webui.keyword.internal.WebUIKeywordMain.runKeyword(WebUIKeywordMain.groovy:26)
	at com.kms.katalon.core.webui.keyword.builtin.ClickKeyword.click(ClickKeyword.groovy:75)
	at com.kms.katalon.core.webui.keyword.builtin.ClickKeyword.execute(ClickKeyword.groovy:42)
	at com.kms.katalon.core.keyword.internal.KeywordExecutor.executeKeywordForPlatform(KeywordExecutor.groovy:74)
	at com.kms.katalon.core.webui.keyword.WebUiBuiltInKeywords.click(WebUiBuiltInKeywords.groovy:620)
	at com.kms.katalon.core.webui.keyword.WebUiBuiltInKeywords$click$1.call(Unknown Source)
	at TC - Register.run(TC - Register:51)
	at com.kms.katalon.core.main.ScriptEngine.run(ScriptEngine.java:194)
	at com.kms.katalon.core.main.ScriptEngine.runScriptAsRawText(ScriptEngine.java:119)
	at com.kms.katalon.core.main.TestCaseExecutor.runScript(TestCaseExecutor.java:430)
	at com.kms.katalon.core.main.TestCaseExecutor.doExecute(TestCaseExecutor.java:421)
	at com.kms.katalon.core.main.TestCaseExecutor.processExecutionPhase(TestCaseExecutor.java:400)
	at com.kms.katalon.core.main.TestCaseExecutor.accessMainPhase(TestCaseExecutor.java:392)
	at com.kms.katalon.core.main.TestCaseExecutor.execute(TestCaseExecutor.java:273)
	at com.kms.katalon.core.main.TestSuiteExecutor.accessTestCaseMainPhase(TestSuiteExecutor.java:202)
	at com.kms.katalon.core.main.TestSuiteExecutor.accessTestSuiteMainPhase(TestSuiteExecutor.java:164)
	at com.kms.katalon.core.main.TestSuiteExecutor.execute(TestSuiteExecutor.java:105)
	at com.kms.katalon.core.main.TestCaseMain.startTestSuite(TestCaseMain.java:185)
	at com.kms.katalon.core.main.TestCaseMain$startTestSuite$0.call(Unknown Source)
	at TempTestSuite1632878330485.run(TempTestSuite1632878330485.groovy:36)
Caused by: org.openqa.selenium.ElementClickInterceptedException: element click intercepted: Element is not clickable at point (677, 686)
  (Session info: MicrosoftEdge=94.0.992.31)
Build info: version: '3.141.59', revision: 'e82be7d358', time: '2018-11-14T08:25:53'
System info: host: 'DESKTOP-KQT0551', ip: '192.168.43.85', os.name: 'Windows 10', os.arch: 'amd64', os.version: '10.0', java.version: '1.8.0_282'
Driver info: com.kms.katalon.selenium.driver.CEdgeDriver
Capabilities {acceptInsecureCerts: false, browserName: msedge, browserVersion: 94.0.992.31, javascriptEnabled: true, ms:edgeOptions: {debuggerAddress: localhost:60826}, msedge: {msedgedriverVersion: 93.0.961.52 (55ddfa3ef85052..., userDataDir: C:\Users\LUQMAN~1\AppData\L...}, networkConnectionEnabled: false, pageLoadStrategy: normal, platform: WINDOWS, platformName: WINDOWS, proxy: Proxy(), setWindowRect: true, strictFileInteractability: false, timeouts: {implicit: 0, pageLoad: 300000, script: 30000}, unhandledPromptBehavior: dismiss and notify, webauthn:extension:credBlob: true, webauthn:extension:largeBlob: true, webauthn:virtualAuthenticators: true}
Session ID: 154aaf3f808d938824cf85dbf0cb3617
	at org.openqa.selenium.remote.http.W3CHttpResponseCodec.createException(W3CHttpResponseCodec.java:187)
	at org.openqa.selenium.remote.http.W3CHttpResponseCodec.decode(W3CHttpResponseCodec.java:122)
	at org.openqa.selenium.remote.http.W3CHttpResponseCodec.decode(W3CHttpResponseCodec.java:49)
	at org.openqa.selenium.remote.HttpCommandExecutor.execute(HttpCommandExecutor.java:158)
	at org.openqa.selenium.remote.service.DriverCommandExecutor.execute(DriverCommandExecutor.java:83)
	at org.openqa.selenium.remote.RemoteWebDriver.execute(RemoteWebDriver.java:552)
	at com.kms.katalon.selenium.driver.CEdgeDriver.execute(CEdgeDriver.java:20)
	at org.openqa.selenium.remote.RemoteWebElement.execute(RemoteWebElement.java:285)
	at org.openqa.selenium.remote.RemoteWebElement.click(RemoteWebElement.java:84)
	at org.openqa.selenium.support.events.EventFiringWebDriver$EventFiringWebElement.lambda$new$0(EventFiringWebDriver.java:404)
	at com.sun.proxy.$Proxy11.click(Unknown Source)
	at org.openqa.selenium.support.events.EventFiringWebDriver$EventFiringWebElement.click(EventFiringWebDriver.java:417)
	at com.kms.katalon.core.webui.keyword.builtin.ClickKeyword$_click_closure1.doCall(ClickKeyword.groovy:68)
	at com.kms.katalon.core.webui.keyword.builtin.ClickKeyword$_click_closure1.call(ClickKeyword.groovy)
	at com.kms.katalon.core.webui.keyword.internal.WebUIKeywordMain.runKeyword(WebUIKeywordMain.groovy:20)
	... 19 more]]></system-err>
      </testcase>
      <testcase name="Test Cases/TC - Register" time="43.445" classname="Test Cases/TC - Register" status="PASSED">
         <system-out><![CDATA[2021-09-29 08:19:13 - [TEST_CASE][PASSED] - Test Cases/TC - Register: Test Cases/TC - Register

2021-09-29 08:19:13 - [TEST_STEP][PASSED] - openBrowser("https://www.phptravels.net/"): Browser is opened with url: 'https://www.phptravels.net/'

2021-09-29 08:19:13 - [MESSAGE][WARNING] - A browser is already opened. Closing browser and opening a new one

2021-09-29 08:19:13 - [MESSAGE][INFO] - Starting 'Edge Chromium' driver

2021-09-29 08:19:14 - [MESSAGE][INFO] - Action delay is set to 0 milliseconds

2021-09-29 08:19:20 - [MESSAGE][PASSED] - Browser is opened with url: 'https://www.phptravels.net/'

2021-09-29 08:19:20 - [TEST_STEP][PASSED] - maximizeWindow(): Current window maximized

2021-09-29 08:19:21 - [MESSAGE][PASSED] - Current window maximized

2021-09-29 08:19:21 - [TEST_STEP][PASSED] - click(findTestObject("Page_PHPTRAVEL - PHPTRAVEL/a_Signup")): Object: 'Object Repository/Page_PHPTRAVEL - PHPTRAVEL/a_Signup' is clicked on

2021-09-29 08:19:21 - [MESSAGE][PASSED] - Object: 'Object Repository/Page_PHPTRAVEL - PHPTRAVEL/a_Signup' is clicked on

2021-09-29 08:19:21 - [TEST_STEP][PASSED] - setText(findTestObject("Page_Signup - PHPTRAVEL/input_First Name_first_name"), Firstname): Text 'Dewa' is set on object 'Object Repository/Page_Signup - PHPTRAVEL/input_First Name_first_name'

2021-09-29 08:19:21 - [MESSAGE][PASSED] - Text 'Dewa' is set on object 'Object Repository/Page_Signup - PHPTRAVEL/input_First Name_first_name'

2021-09-29 08:19:21 - [TEST_STEP][PASSED] - setText(findTestObject("Page_Signup - PHPTRAVEL/input_Last Name_last_name"), Lastname): Text 'Ferdy' is set on object 'Object Repository/Page_Signup - PHPTRAVEL/input_Last Name_last_name'

2021-09-29 08:19:22 - [MESSAGE][PASSED] - Text 'Ferdy' is set on object 'Object Repository/Page_Signup - PHPTRAVEL/input_Last Name_last_name'

2021-09-29 08:19:22 - [TEST_STEP][PASSED] - setText(findTestObject("Page_Signup - PHPTRAVEL/input_Phone_phone"), Phone): Text '082234567' is set on object 'Object Repository/Page_Signup - PHPTRAVEL/input_Phone_phone'

2021-09-29 08:19:22 - [MESSAGE][PASSED] - Text '082234567' is set on object 'Object Repository/Page_Signup - PHPTRAVEL/input_Phone_phone'

2021-09-29 08:19:22 - [TEST_STEP][PASSED] - setText(findTestObject("Page_Signup - PHPTRAVEL/input_Email_email"), Email): Text 'dwferdy@gmail.com' is set on object 'Object Repository/Page_Signup - PHPTRAVEL/input_Email_email'

2021-09-29 08:19:22 - [MESSAGE][PASSED] - Text 'dwferdy@gmail.com' is set on object 'Object Repository/Page_Signup - PHPTRAVEL/input_Email_email'

2021-09-29 08:19:22 - [TEST_STEP][PASSED] - setText(findTestObject("Page_Signup - PHPTRAVEL/input_Password_password"), Password): Text 'ferdy123123' is set on object 'Object Repository/Page_Signup - PHPTRAVEL/input_Password_password'

2021-09-29 08:19:22 - [MESSAGE][PASSED] - Text 'ferdy123123' is set on object 'Object Repository/Page_Signup - PHPTRAVEL/input_Password_password'

2021-09-29 08:19:22 - [TEST_STEP][PASSED] - click(findTestObject("Page_Signup - PHPTRAVEL/Page_Signup - PHPTRAVELS/span_Customer")): Object: 'Object Repository/Page_Signup - PHPTRAVEL/Page_Signup - PHPTRAVELS/span_Customer' is clicked on

2021-09-29 08:19:23 - [MESSAGE][PASSED] - Object: 'Object Repository/Page_Signup - PHPTRAVEL/Page_Signup - PHPTRAVELS/span_Customer' is clicked on

2021-09-29 08:19:23 - [TEST_STEP][PASSED] - if (AccountType == "Customer"): null

2021-09-29 08:19:23 - [TEST_STEP][PASSED] - else if (AccountType == "Supplier"): Keys 'ENTER + ' sent to object: 'Object Repository/Page_Signup - PHPTRAVEL/input__select2-search__field'

2021-09-29 08:19:23 - [TEST_STEP][PASSED] - setText(findTestObject("Page_Signup - PHPTRAVEL/input__select2-search__field"), "Supplier"): Text 'Supplier' is set on object 'Object Repository/Page_Signup - PHPTRAVEL/input__select2-search__field'

2021-09-29 08:19:23 - [MESSAGE][PASSED] - Text 'Supplier' is set on object 'Object Repository/Page_Signup - PHPTRAVEL/input__select2-search__field'

2021-09-29 08:19:23 - [TEST_STEP][PASSED] - sendKeys(findTestObject("Page_Signup - PHPTRAVEL/input__select2-search__field"), Keys.chord(ENTER)): Keys 'ENTER + ' sent to object: 'Object Repository/Page_Signup - PHPTRAVEL/input__select2-search__field'

2021-09-29 08:19:23 - [MESSAGE][PASSED] - Keys 'ENTER + ' sent to object: 'Object Repository/Page_Signup - PHPTRAVEL/input__select2-search__field'

2021-09-29 08:19:23 - [TEST_STEP][PASSED] - click(findTestObject("Page_Signup - PHPTRAVEL/Page_Signup - PHPTRAVELS/span_Signup")): Object: 'Object Repository/Page_Signup - PHPTRAVEL/Page_Signup - PHPTRAVELS/span_Signup' is clicked on

2021-09-29 08:19:54 - [MESSAGE][INFO] - Unable to find the element located by 'By.xpath: (.//*[normalize-space(text()) and normalize-space(.)='Customer'])[2]/following::span[3]'. Please recheck the objects properties to make sure the desired element is located. 

2021-09-29 08:19:54 - [MESSAGE][WARNING] - [SELF-HEALING] Failed to find element with id 'Object Repository/Page_Signup - PHPTRAVEL/Page_Signup - PHPTRAVELS/span_Signup'. Try using Self-healing.

2021-09-29 08:19:54 - [MESSAGE][INFO] - [SELF-HEALING] Failed Locator: '(.//*[normalize-space(text()) and normalize-space(.)='Customer'])[2]/following::span[3]'.

2021-09-29 08:19:54 - [MESSAGE][INFO] - [SELF-HEALING] Working Locator: '(.//*[normalize-space(text()) and normalize-space(.)='Account Type'])[1]/following::span[8]'.

2021-09-29 08:19:55 - [MESSAGE][INFO] - [SELF-HEALING] Screenshot: C:/DOK/Intern/Php Travels/Reports/Self-healing/Object Repository/Page_Signup - PHPTRAVEL/Page_Signup - PHPTRAVELS/span_Signup_neighbor.png

2021-09-29 08:19:55 - [MESSAGE][WARNING] - [SELF-HEALING] The current locator of test object 'Object Repository/Page_Signup - PHPTRAVEL/Page_Signup - PHPTRAVELS/span_Signup' was broken. Propose an alternative one: '(.//*[normalize-space(text()) and normalize-space(.)='Account Type'])[1]/following::span[8]'.

2021-09-29 08:19:56 - [MESSAGE][PASSED] - Object: 'Object Repository/Page_Signup - PHPTRAVEL/Page_Signup - PHPTRAVELS/span_Signup' is clicked on]]></system-out>
         <system-err><![CDATA[]]></system-err>
      </testcase>
      <testcase name="Test Cases/TC - Register" time="42.334" classname="Test Cases/TC - Register" status="PASSED">
         <system-out><![CDATA[2021-09-29 08:19:56 - [TEST_CASE][PASSED] - Test Cases/TC - Register: Test Cases/TC - Register

2021-09-29 08:19:56 - [TEST_STEP][PASSED] - openBrowser("https://www.phptravels.net/"): Browser is opened with url: 'https://www.phptravels.net/'

2021-09-29 08:19:56 - [MESSAGE][WARNING] - A browser is already opened. Closing browser and opening a new one

2021-09-29 08:19:57 - [MESSAGE][INFO] - Starting 'Edge Chromium' driver

2021-09-29 08:19:57 - [MESSAGE][INFO] - Action delay is set to 0 milliseconds

2021-09-29 08:20:04 - [MESSAGE][PASSED] - Browser is opened with url: 'https://www.phptravels.net/'

2021-09-29 08:20:04 - [TEST_STEP][PASSED] - maximizeWindow(): Current window maximized

2021-09-29 08:20:04 - [MESSAGE][PASSED] - Current window maximized

2021-09-29 08:20:04 - [TEST_STEP][PASSED] - click(findTestObject("Page_PHPTRAVEL - PHPTRAVEL/a_Signup")): Object: 'Object Repository/Page_PHPTRAVEL - PHPTRAVEL/a_Signup' is clicked on

2021-09-29 08:20:05 - [MESSAGE][PASSED] - Object: 'Object Repository/Page_PHPTRAVEL - PHPTRAVEL/a_Signup' is clicked on

2021-09-29 08:20:05 - [TEST_STEP][PASSED] - setText(findTestObject("Page_Signup - PHPTRAVEL/input_First Name_first_name"), Firstname): Text 'Dewa' is set on object 'Object Repository/Page_Signup - PHPTRAVEL/input_First Name_first_name'

2021-09-29 08:20:05 - [MESSAGE][PASSED] - Text 'Dewa' is set on object 'Object Repository/Page_Signup - PHPTRAVEL/input_First Name_first_name'

2021-09-29 08:20:05 - [TEST_STEP][PASSED] - setText(findTestObject("Page_Signup - PHPTRAVEL/input_Last Name_last_name"), Lastname): Text 'Ferdy' is set on object 'Object Repository/Page_Signup - PHPTRAVEL/input_Last Name_last_name'

2021-09-29 08:20:06 - [MESSAGE][PASSED] - Text 'Ferdy' is set on object 'Object Repository/Page_Signup - PHPTRAVEL/input_Last Name_last_name'

2021-09-29 08:20:06 - [TEST_STEP][PASSED] - setText(findTestObject("Page_Signup - PHPTRAVEL/input_Phone_phone"), Phone): Text '082234567' is set on object 'Object Repository/Page_Signup - PHPTRAVEL/input_Phone_phone'

2021-09-29 08:20:06 - [MESSAGE][PASSED] - Text '082234567' is set on object 'Object Repository/Page_Signup - PHPTRAVEL/input_Phone_phone'

2021-09-29 08:20:06 - [TEST_STEP][PASSED] - setText(findTestObject("Page_Signup - PHPTRAVEL/input_Email_email"), Email): Text 'dwferdy@gmail.com' is set on object 'Object Repository/Page_Signup - PHPTRAVEL/input_Email_email'

2021-09-29 08:20:06 - [MESSAGE][PASSED] - Text 'dwferdy@gmail.com' is set on object 'Object Repository/Page_Signup - PHPTRAVEL/input_Email_email'

2021-09-29 08:20:06 - [TEST_STEP][PASSED] - setText(findTestObject("Page_Signup - PHPTRAVEL/input_Password_password"), Password): Text 'ferdy123123' is set on object 'Object Repository/Page_Signup - PHPTRAVEL/input_Password_password'

2021-09-29 08:20:06 - [MESSAGE][PASSED] - Text 'ferdy123123' is set on object 'Object Repository/Page_Signup - PHPTRAVEL/input_Password_password'

2021-09-29 08:20:06 - [TEST_STEP][PASSED] - click(findTestObject("Page_Signup - PHPTRAVEL/Page_Signup - PHPTRAVELS/span_Customer")): Object: 'Object Repository/Page_Signup - PHPTRAVEL/Page_Signup - PHPTRAVELS/span_Customer' is clicked on

2021-09-29 08:20:06 - [MESSAGE][PASSED] - Object: 'Object Repository/Page_Signup - PHPTRAVEL/Page_Signup - PHPTRAVELS/span_Customer' is clicked on

2021-09-29 08:20:06 - [TEST_STEP][PASSED] - if (AccountType == "Customer"): null

2021-09-29 08:20:06 - [TEST_STEP][PASSED] - else if (AccountType == "Supplier"): null

2021-09-29 08:20:06 - [TEST_STEP][PASSED] - else if (AccountType == "Agent"): Keys 'ENTER + ' sent to object: 'Object Repository/Page_Signup - PHPTRAVEL/input__select2-search__field'

2021-09-29 08:20:06 - [TEST_STEP][PASSED] - setText(findTestObject("Page_Signup - PHPTRAVEL/input__select2-search__field"), "Agent"): Text 'Agent' is set on object 'Object Repository/Page_Signup - PHPTRAVEL/input__select2-search__field'

2021-09-29 08:20:07 - [MESSAGE][PASSED] - Text 'Agent' is set on object 'Object Repository/Page_Signup - PHPTRAVEL/input__select2-search__field'

2021-09-29 08:20:07 - [TEST_STEP][PASSED] - sendKeys(findTestObject("Page_Signup - PHPTRAVEL/input__select2-search__field"), Keys.chord(ENTER)): Keys 'ENTER + ' sent to object: 'Object Repository/Page_Signup - PHPTRAVEL/input__select2-search__field'

2021-09-29 08:20:07 - [MESSAGE][PASSED] - Keys 'ENTER + ' sent to object: 'Object Repository/Page_Signup - PHPTRAVEL/input__select2-search__field'

2021-09-29 08:20:07 - [TEST_STEP][PASSED] - click(findTestObject("Page_Signup - PHPTRAVEL/Page_Signup - PHPTRAVELS/span_Signup")): Object: 'Object Repository/Page_Signup - PHPTRAVEL/Page_Signup - PHPTRAVELS/span_Signup' is clicked on

2021-09-29 08:20:38 - [MESSAGE][INFO] - Unable to find the element located by 'By.xpath: (.//*[normalize-space(text()) and normalize-space(.)='Customer'])[2]/following::span[3]'. Please recheck the objects properties to make sure the desired element is located. 

2021-09-29 08:20:38 - [MESSAGE][WARNING] - [SELF-HEALING] Failed to find element with id 'Object Repository/Page_Signup - PHPTRAVEL/Page_Signup - PHPTRAVELS/span_Signup'. Try using Self-healing.

2021-09-29 08:20:38 - [MESSAGE][WARNING] - [SELF-HEALING] The current locator of test object 'Object Repository/Page_Signup - PHPTRAVEL/Page_Signup - PHPTRAVELS/span_Signup' was broken. Propose an alternative one: '(.//*[normalize-space(text()) and normalize-space(.)='Account Type'])[1]/following::span[8]'.

2021-09-29 08:20:38 - [MESSAGE][PASSED] - Object: 'Object Repository/Page_Signup - PHPTRAVEL/Page_Signup - PHPTRAVELS/span_Signup' is clicked on]]></system-out>
         <system-err><![CDATA[]]></system-err>
      </testcase>
      <system-out><![CDATA[2021-09-29 08:18:57 - [TEST_SUITE][FAILED] - TS - Register: Test Cases/TC - Register FAILED.
Reason:
com.kms.katalon.core.exception.StepFailedException: Unable to click on object 'Object Repository/Page_Signup - PHPTRAVEL/Page_Signup - PHPTRAVELS/span_Signup'
	at com.kms.katalon.core.webui.keyword.internal.WebUIKeywordMain.stepFailed(WebUIKeywordMain.groovy:64)
	at com.kms.katalon.core.webui.keyword.internal.WebUIKeywordMain.runKeyword(WebUIKeywordMain.groovy:26)
	at com.kms.katalon.core.webui.keyword.builtin.ClickKeyword.click(ClickKeyword.groovy:75)
	at com.kms.katalon.core.webui.keyword.builtin.ClickKeyword.execute(ClickKeyword.groovy:42)
	at com.kms.katalon.core.keyword.internal.KeywordExecutor.executeKeywordForPlatform(KeywordExecutor.groovy:74)
	at com.kms.katalon.core.webui.keyword.WebUiBuiltInKeywords.click(WebUiBuiltInKeywords.groovy:620)
	at com.kms.katalon.core.webui.keyword.WebUiBuiltInKeywords$click$1.call(Unknown Source)
	at TC - Register.run(TC - Register:51)
	at com.kms.katalon.core.main.ScriptEngine.run(ScriptEngine.java:194)
	at com.kms.katalon.core.main.ScriptEngine.runScriptAsRawText(ScriptEngine.java:119)
	at com.kms.katalon.core.main.TestCaseExecutor.runScript(TestCaseExecutor.java:430)
	at com.kms.katalon.core.main.TestCaseExecutor.doExecute(TestCaseExecutor.java:421)
	at com.kms.katalon.core.main.TestCaseExecutor.processExecutionPhase(TestCaseExecutor.java:400)
	at com.kms.katalon.core.main.TestCaseExecutor.accessMainPhase(TestCaseExecutor.java:392)
	at com.kms.katalon.core.main.TestCaseExecutor.execute(TestCaseExecutor.java:273)
	at com.kms.katalon.core.main.TestSuiteExecutor.accessTestCaseMainPhase(TestSuiteExecutor.java:202)
	at com.kms.katalon.core.main.TestSuiteExecutor.accessTestSuiteMainPhase(TestSuiteExecutor.java:164)
	at com.kms.katalon.core.main.TestSuiteExecutor.execute(TestSuiteExecutor.java:105)
	at com.kms.katalon.core.main.TestCaseMain.startTestSuite(TestCaseMain.java:185)
	at com.kms.katalon.core.main.TestCaseMain$startTestSuite$0.call(Unknown Source)
	at TempTestSuite1632878330485.run(TempTestSuite1632878330485.groovy:36)
Caused by: org.openqa.selenium.ElementClickInterceptedException: element click intercepted: Element is not clickable at point (677, 686)
  (Session info: MicrosoftEdge=94.0.992.31)
Build info: version: '3.141.59', revision: 'e82be7d358', time: '2018-11-14T08:25:53'
System info: host: 'DESKTOP-KQT0551', ip: '192.168.43.85', os.name: 'Windows 10', os.arch: 'amd64', os.version: '10.0', java.version: '1.8.0_282'
Driver info: com.kms.katalon.selenium.driver.CEdgeDriver
Capabilities {acceptInsecureCerts: false, browserName: msedge, browserVersion: 94.0.992.31, javascriptEnabled: true, ms:edgeOptions: {debuggerAddress: localhost:60826}, msedge: {msedgedriverVersion: 93.0.961.52 (55ddfa3ef85052..., userDataDir: C:\Users\LUQMAN~1\AppData\L...}, networkConnectionEnabled: false, pageLoadStrategy: normal, platform: WINDOWS, platformName: WINDOWS, proxy: Proxy(), setWindowRect: true, strictFileInteractability: false, timeouts: {implicit: 0, pageLoad: 300000, script: 30000}, unhandledPromptBehavior: dismiss and notify, webauthn:extension:credBlob: true, webauthn:extension:largeBlob: true, webauthn:virtualAuthenticators: true}
Session ID: 154aaf3f808d938824cf85dbf0cb3617
	at org.openqa.selenium.remote.http.W3CHttpResponseCodec.createException(W3CHttpResponseCodec.java:187)
	at org.openqa.selenium.remote.http.W3CHttpResponseCodec.decode(W3CHttpResponseCodec.java:122)
	at org.openqa.selenium.remote.http.W3CHttpResponseCodec.decode(W3CHttpResponseCodec.java:49)
	at org.openqa.selenium.remote.HttpCommandExecutor.execute(HttpCommandExecutor.java:158)
	at org.openqa.selenium.remote.service.DriverCommandExecutor.execute(DriverCommandExecutor.java:83)
	at org.openqa.selenium.remote.RemoteWebDriver.execute(RemoteWebDriver.java:552)
	at com.kms.katalon.selenium.driver.CEdgeDriver.execute(CEdgeDriver.java:20)
	at org.openqa.selenium.remote.RemoteWebElement.execute(RemoteWebElement.java:285)
	at org.openqa.selenium.remote.RemoteWebElement.click(RemoteWebElement.java:84)
	at org.openqa.selenium.support.events.EventFiringWebDriver$EventFiringWebElement.lambda$new$0(EventFiringWebDriver.java:404)
	at com.sun.proxy.$Proxy11.click(Unknown Source)
	at org.openqa.selenium.support.events.EventFiringWebDriver$EventFiringWebElement.click(EventFiringWebDriver.java:417)
	at com.kms.katalon.core.webui.keyword.builtin.ClickKeyword$_click_closure1.doCall(ClickKeyword.groovy:68)
	at com.kms.katalon.core.webui.keyword.builtin.ClickKeyword$_click_closure1.call(ClickKeyword.groovy)
	at com.kms.katalon.core.webui.keyword.internal.WebUIKeywordMain.runKeyword(WebUIKeywordMain.groovy:20)
	... 19 more]]></system-out>
      <system-err><![CDATA[2021-09-29 08:18:57 - [TEST_SUITE][FAILED] - TS - Register: Test Cases/TC - Register FAILED.
Reason:
com.kms.katalon.core.exception.StepFailedException: Unable to click on object 'Object Repository/Page_Signup - PHPTRAVEL/Page_Signup - PHPTRAVELS/span_Signup'
	at com.kms.katalon.core.webui.keyword.internal.WebUIKeywordMain.stepFailed(WebUIKeywordMain.groovy:64)
	at com.kms.katalon.core.webui.keyword.internal.WebUIKeywordMain.runKeyword(WebUIKeywordMain.groovy:26)
	at com.kms.katalon.core.webui.keyword.builtin.ClickKeyword.click(ClickKeyword.groovy:75)
	at com.kms.katalon.core.webui.keyword.builtin.ClickKeyword.execute(ClickKeyword.groovy:42)
	at com.kms.katalon.core.keyword.internal.KeywordExecutor.executeKeywordForPlatform(KeywordExecutor.groovy:74)
	at com.kms.katalon.core.webui.keyword.WebUiBuiltInKeywords.click(WebUiBuiltInKeywords.groovy:620)
	at com.kms.katalon.core.webui.keyword.WebUiBuiltInKeywords$click$1.call(Unknown Source)
	at TC - Register.run(TC - Register:51)
	at com.kms.katalon.core.main.ScriptEngine.run(ScriptEngine.java:194)
	at com.kms.katalon.core.main.ScriptEngine.runScriptAsRawText(ScriptEngine.java:119)
	at com.kms.katalon.core.main.TestCaseExecutor.runScript(TestCaseExecutor.java:430)
	at com.kms.katalon.core.main.TestCaseExecutor.doExecute(TestCaseExecutor.java:421)
	at com.kms.katalon.core.main.TestCaseExecutor.processExecutionPhase(TestCaseExecutor.java:400)
	at com.kms.katalon.core.main.TestCaseExecutor.accessMainPhase(TestCaseExecutor.java:392)
	at com.kms.katalon.core.main.TestCaseExecutor.execute(TestCaseExecutor.java:273)
	at com.kms.katalon.core.main.TestSuiteExecutor.accessTestCaseMainPhase(TestSuiteExecutor.java:202)
	at com.kms.katalon.core.main.TestSuiteExecutor.accessTestSuiteMainPhase(TestSuiteExecutor.java:164)
	at com.kms.katalon.core.main.TestSuiteExecutor.execute(TestSuiteExecutor.java:105)
	at com.kms.katalon.core.main.TestCaseMain.startTestSuite(TestCaseMain.java:185)
	at com.kms.katalon.core.main.TestCaseMain$startTestSuite$0.call(Unknown Source)
	at TempTestSuite1632878330485.run(TempTestSuite1632878330485.groovy:36)
Caused by: org.openqa.selenium.ElementClickInterceptedException: element click intercepted: Element is not clickable at point (677, 686)
  (Session info: MicrosoftEdge=94.0.992.31)
Build info: version: '3.141.59', revision: 'e82be7d358', time: '2018-11-14T08:25:53'
System info: host: 'DESKTOP-KQT0551', ip: '192.168.43.85', os.name: 'Windows 10', os.arch: 'amd64', os.version: '10.0', java.version: '1.8.0_282'
Driver info: com.kms.katalon.selenium.driver.CEdgeDriver
Capabilities {acceptInsecureCerts: false, browserName: msedge, browserVersion: 94.0.992.31, javascriptEnabled: true, ms:edgeOptions: {debuggerAddress: localhost:60826}, msedge: {msedgedriverVersion: 93.0.961.52 (55ddfa3ef85052..., userDataDir: C:\Users\LUQMAN~1\AppData\L...}, networkConnectionEnabled: false, pageLoadStrategy: normal, platform: WINDOWS, platformName: WINDOWS, proxy: Proxy(), setWindowRect: true, strictFileInteractability: false, timeouts: {implicit: 0, pageLoad: 300000, script: 30000}, unhandledPromptBehavior: dismiss and notify, webauthn:extension:credBlob: true, webauthn:extension:largeBlob: true, webauthn:virtualAuthenticators: true}
Session ID: 154aaf3f808d938824cf85dbf0cb3617
	at org.openqa.selenium.remote.http.W3CHttpResponseCodec.createException(W3CHttpResponseCodec.java:187)
	at org.openqa.selenium.remote.http.W3CHttpResponseCodec.decode(W3CHttpResponseCodec.java:122)
	at org.openqa.selenium.remote.http.W3CHttpResponseCodec.decode(W3CHttpResponseCodec.java:49)
	at org.openqa.selenium.remote.HttpCommandExecutor.execute(HttpCommandExecutor.java:158)
	at org.openqa.selenium.remote.service.DriverCommandExecutor.execute(DriverCommandExecutor.java:83)
	at org.openqa.selenium.remote.RemoteWebDriver.execute(RemoteWebDriver.java:552)
	at com.kms.katalon.selenium.driver.CEdgeDriver.execute(CEdgeDriver.java:20)
	at org.openqa.selenium.remote.RemoteWebElement.execute(RemoteWebElement.java:285)
	at org.openqa.selenium.remote.RemoteWebElement.click(RemoteWebElement.java:84)
	at org.openqa.selenium.support.events.EventFiringWebDriver$EventFiringWebElement.lambda$new$0(EventFiringWebDriver.java:404)
	at com.sun.proxy.$Proxy11.click(Unknown Source)
	at org.openqa.selenium.support.events.EventFiringWebDriver$EventFiringWebElement.click(EventFiringWebDriver.java:417)
	at com.kms.katalon.core.webui.keyword.builtin.ClickKeyword$_click_closure1.doCall(ClickKeyword.groovy:68)
	at com.kms.katalon.core.webui.keyword.builtin.ClickKeyword$_click_closure1.call(ClickKeyword.groovy)
	at com.kms.katalon.core.webui.keyword.internal.WebUIKeywordMain.runKeyword(WebUIKeywordMain.groovy:20)
	... 19 more]]></system-err>
   </testsuite>
</testsuites>
