<?xml version="1.0" encoding="UTF-8"?>
<testsuites name="TS - Login" time="148.895" tests="3" failures="2" skips="0" errors="0">
   <testsuite name="TS - Login" tests="3" failures="2" errors="0" time="148.895" skips="0" timestamp="2021-09-28 23:16:53" hostname="Asus - DESKTOP-2DQK6UH" id="Test Suites/TS - Login">
      <properties>
         <property name="deviceName" value=""/>
         <property name="devicePlatform" value=""/>
         <property name="logFolder" value="C:\\Users\\Asus\\Katalon Studio\\Php Travels\\Reports\\20210928_231640\\TS - Login\\20210928_231640"/>
         <property name="logFiles" value="C:\\Users\\Asus\\Katalon Studio\\Php Travels\\Reports\\20210928_231640\\TS - Login\\20210928_231640\\execution0.log"/>
         <property name="attachments" value="C:\\Users\\Asus\\Katalon Studio\\Php Travels\\Reports\\20210928_231640\\TS - Login\\20210928_231640\\1632842293976.png, C:\\Users\\Asus\\Katalon Studio\\Php Travels\\Reports\\20210928_231640\\TS - Login\\20210928_231640\\1632842294341.png, C:\\Users\\Asus\\Katalon Studio\\Php Travels\\Reports\\20210928_231640\\TS - Login\\20210928_231640\\1632842354956.png, C:\\Users\\Asus\\Katalon Studio\\Php Travels\\Reports\\20210928_231640\\TS - Login\\20210928_231640\\1632842355263.png"/>
         <property name="hostName" value="Asus - DESKTOP-2DQK6UH"/>
         <property name="os" value="Windows 10 64bit"/>
         <property name="katalonVersion" value="7.8.0.208"/>
         <property name="browser" value="Chrome 93.0.4577.82"/>
         <property name="hostAddress" value="172.20.10.4"/>
         <property name="sessionId" value="0b6632e3190c524a5eaa4962ee865b47"/>
         <property name="seleniumVersion" value="3.141.59"/>
         <property name="proxyInformation" value="ProxyInformation { proxyOption=NO_PROXY, proxyServerType=HTTP, username=, password=********, proxyServerAddress=, proxyServerPort=0, executionList=&quot;&quot;, isApplyToDesiredCapabilities=true }"/>
         <property name="platform" value="Windows 10"/>
      </properties>
      <testcase name="Test Cases/TC - Login" time="29.603" classname="Test Cases/TC - Login" status="PASSED">
         <system-out><![CDATA[2021-09-28 23:16:56 - [TEST_CASE][PASSED] - Test Cases/TC - Login: Test Cases/TC - Login

2021-09-28 23:16:57 - [TEST_STEP][PASSED] - openBrowser("https://www.phptravels.net/"): Browser is opened with url: 'https://www.phptravels.net/'

2021-09-28 23:16:57 - [MESSAGE][INFO] - Starting 'Chrome' driver

2021-09-28 23:16:57 - [MESSAGE][INFO] - Action delay is set to 0 milliseconds

2021-09-28 23:17:08 - [MESSAGE][PASSED] - Browser is opened with url: 'https://www.phptravels.net/'

2021-09-28 23:17:08 - [TEST_STEP][PASSED] - maximizeWindow(): Current window maximized

2021-09-28 23:17:09 - [MESSAGE][PASSED] - Current window maximized

2021-09-28 23:17:09 - [TEST_STEP][PASSED] - click(findTestObject("Page_PHPTRAVEL - PHPTRAVEL/a_Login")): Object: 'Object Repository/Page_PHPTRAVEL - PHPTRAVEL/a_Login' is clicked on

2021-09-28 23:17:12 - [MESSAGE][PASSED] - Object: 'Object Repository/Page_PHPTRAVEL - PHPTRAVEL/a_Login' is clicked on

2021-09-28 23:17:12 - [TEST_STEP][PASSED] - setText(findTestObject("Page_Login - PHPTRAVEL/input_Email_email"), Username): Text 'dwferdy@gmail.com' is set on object 'Object Repository/Page_Login - PHPTRAVEL/input_Email_email'

2021-09-28 23:17:13 - [MESSAGE][PASSED] - Text 'dwferdy@gmail.com' is set on object 'Object Repository/Page_Login - PHPTRAVEL/input_Email_email'

2021-09-28 23:17:13 - [TEST_STEP][PASSED] - setText(findTestObject("Page_Login - PHPTRAVEL/input_Password_password"), Password): Text 'ferdy123' is set on object 'Object Repository/Page_Login - PHPTRAVEL/input_Password_password'

2021-09-28 23:17:13 - [MESSAGE][PASSED] - Text 'ferdy123' is set on object 'Object Repository/Page_Login - PHPTRAVEL/input_Password_password'

2021-09-28 23:17:13 - [TEST_STEP][PASSED] - click(findTestObject("Page_Login - PHPTRAVEL/button_Login")): Object: 'Object Repository/Page_Login - PHPTRAVEL/button_Login' is clicked on

2021-09-28 23:17:16 - [MESSAGE][PASSED] - Object: 'Object Repository/Page_Login - PHPTRAVEL/button_Login' is clicked on

2021-09-28 23:17:17 - [TEST_STEP][PASSED] - if (true): Object 'Object Repository/Page_Dashboard - PHPTRAVEL/a_Dashboard' is visible

2021-09-28 23:17:17 - [TEST_STEP][PASSED] - verifyElementVisible(findTestObject("Page_Dashboard - PHPTRAVEL/a_Dashboard")): Object 'Object Repository/Page_Dashboard - PHPTRAVEL/a_Dashboard' is visible

2021-09-28 23:17:17 - [MESSAGE][PASSED] - Object 'Object Repository/Page_Dashboard - PHPTRAVEL/a_Dashboard' is visible]]></system-out>
         <system-err><![CDATA[]]></system-err>
      </testcase>
      <testcase name="Test Cases/TC - Login" time="57.424" classname="Test Cases/TC - Login" status="FAILED">
         <failure type="FAILED" message="Test Cases/TC - Login FAILED.
Reason:
com.kms.katalon.core.exception.StepFailedException: Unable to verify object 'Object Repository/Page_Dashboard - PHPTRAVEL/a_Dashboard' is visible
	at com.kms.katalon.core.webui.keyword.internal.WebUIKeywordMain.stepFailed(WebUIKeywordMain.groovy:64)
	at com.kms.katalon.core.webui.keyword.internal.WebUIKeywordMain.runKeyword(WebUIKeywordMain.groovy:26)
	at com.kms.katalon.core.webui.keyword.builtin.VerifyElementVisibleKeyword.verifyElementVisible(VerifyElementVisibleKeyword.groovy:97)
	at com.kms.katalon.core.webui.keyword.builtin.VerifyElementVisibleKeyword.execute(VerifyElementVisibleKeyword.groovy:67)
	at com.kms.katalon.core.keyword.internal.KeywordExecutor.executeKeywordForPlatform(KeywordExecutor.groovy:73)
	at com.kms.katalon.core.webui.keyword.WebUiBuiltInKeywords.verifyElementVisible(WebUiBuiltInKeywords.groovy:373)
	at com.kms.katalon.core.webui.keyword.WebUiBuiltInKeywords$verifyElementVisible$3.call(Unknown Source)
	at TC - Login.run(TC - Login:31)
	at com.kms.katalon.core.main.ScriptEngine.run(ScriptEngine.java:194)
	at com.kms.katalon.core.main.ScriptEngine.runScriptAsRawText(ScriptEngine.java:119)
	at com.kms.katalon.core.main.TestCaseExecutor.runScript(TestCaseExecutor.java:393)
	at com.kms.katalon.core.main.TestCaseExecutor.doExecute(TestCaseExecutor.java:384)
	at com.kms.katalon.core.main.TestCaseExecutor.processExecutionPhase(TestCaseExecutor.java:363)
	at com.kms.katalon.core.main.TestCaseExecutor.accessMainPhase(TestCaseExecutor.java:355)
	at com.kms.katalon.core.main.TestCaseExecutor.execute(TestCaseExecutor.java:251)
	at com.kms.katalon.core.main.TestSuiteExecutor.accessTestCaseMainPhase(TestSuiteExecutor.java:203)
	at com.kms.katalon.core.main.TestSuiteExecutor.accessTestSuiteMainPhase(TestSuiteExecutor.java:152)
	at com.kms.katalon.core.main.TestSuiteExecutor.execute(TestSuiteExecutor.java:95)
	at com.kms.katalon.core.main.TestCaseMain.startTestSuite(TestCaseMain.java:157)
	at com.kms.katalon.core.main.TestCaseMain$startTestSuite$0.call(Unknown Source)
	at TempTestSuite1632842200257.run(TempTestSuite1632842200257.groovy:39)
Caused by: com.kms.katalon.core.exception.StepFailedException: Web element with id: 'Object Repository/Page_Dashboard - PHPTRAVEL/a_Dashboard' located by '(//a[contains(text(),'Dashboard')])[2]' not found
	at com.kms.katalon.core.webui.keyword.internal.WebUIKeywordMain.stepFailed(WebUIKeywordMain.groovy:64)
	at com.kms.katalon.core.webui.keyword.builtin.VerifyElementVisibleKeyword$_verifyElementVisible_closure1.doCall(VerifyElementVisibleKeyword.groovy:89)
	at com.kms.katalon.core.webui.keyword.builtin.VerifyElementVisibleKeyword$_verifyElementVisible_closure1.call(VerifyElementVisibleKeyword.groovy)
	at com.kms.katalon.core.webui.keyword.internal.WebUIKeywordMain.runKeyword(WebUIKeywordMain.groovy:20)
	... 19 more
"/>
         <system-out><![CDATA[2021-09-28 23:17:25 - [TEST_CASE][FAILED] - Test Cases/TC - Login: Test Cases/TC - Login FAILED.
Reason:
com.kms.katalon.core.exception.StepFailedException: Unable to verify object 'Object Repository/Page_Dashboard - PHPTRAVEL/a_Dashboard' is visible
	at com.kms.katalon.core.webui.keyword.internal.WebUIKeywordMain.stepFailed(WebUIKeywordMain.groovy:64)
	at com.kms.katalon.core.webui.keyword.internal.WebUIKeywordMain.runKeyword(WebUIKeywordMain.groovy:26)
	at com.kms.katalon.core.webui.keyword.builtin.VerifyElementVisibleKeyword.verifyElementVisible(VerifyElementVisibleKeyword.groovy:97)
	at com.kms.katalon.core.webui.keyword.builtin.VerifyElementVisibleKeyword.execute(VerifyElementVisibleKeyword.groovy:67)
	at com.kms.katalon.core.keyword.internal.KeywordExecutor.executeKeywordForPlatform(KeywordExecutor.groovy:73)
	at com.kms.katalon.core.webui.keyword.WebUiBuiltInKeywords.verifyElementVisible(WebUiBuiltInKeywords.groovy:373)
	at com.kms.katalon.core.webui.keyword.WebUiBuiltInKeywords$verifyElementVisible$3.call(Unknown Source)
	at TC - Login.run(TC - Login:31)
	at com.kms.katalon.core.main.ScriptEngine.run(ScriptEngine.java:194)
	at com.kms.katalon.core.main.ScriptEngine.runScriptAsRawText(ScriptEngine.java:119)
	at com.kms.katalon.core.main.TestCaseExecutor.runScript(TestCaseExecutor.java:393)
	at com.kms.katalon.core.main.TestCaseExecutor.doExecute(TestCaseExecutor.java:384)
	at com.kms.katalon.core.main.TestCaseExecutor.processExecutionPhase(TestCaseExecutor.java:363)
	at com.kms.katalon.core.main.TestCaseExecutor.accessMainPhase(TestCaseExecutor.java:355)
	at com.kms.katalon.core.main.TestCaseExecutor.execute(TestCaseExecutor.java:251)
	at com.kms.katalon.core.main.TestSuiteExecutor.accessTestCaseMainPhase(TestSuiteExecutor.java:203)
	at com.kms.katalon.core.main.TestSuiteExecutor.accessTestSuiteMainPhase(TestSuiteExecutor.java:152)
	at com.kms.katalon.core.main.TestSuiteExecutor.execute(TestSuiteExecutor.java:95)
	at com.kms.katalon.core.main.TestCaseMain.startTestSuite(TestCaseMain.java:157)
	at com.kms.katalon.core.main.TestCaseMain$startTestSuite$0.call(Unknown Source)
	at TempTestSuite1632842200257.run(TempTestSuite1632842200257.groovy:39)
Caused by: com.kms.katalon.core.exception.StepFailedException: Web element with id: 'Object Repository/Page_Dashboard - PHPTRAVEL/a_Dashboard' located by '(//a[contains(text(),'Dashboard')])[2]' not found
	at com.kms.katalon.core.webui.keyword.internal.WebUIKeywordMain.stepFailed(WebUIKeywordMain.groovy:64)
	at com.kms.katalon.core.webui.keyword.builtin.VerifyElementVisibleKeyword$_verifyElementVisible_closure1.doCall(VerifyElementVisibleKeyword.groovy:89)
	at com.kms.katalon.core.webui.keyword.builtin.VerifyElementVisibleKeyword$_verifyElementVisible_closure1.call(VerifyElementVisibleKeyword.groovy)
	at com.kms.katalon.core.webui.keyword.internal.WebUIKeywordMain.runKeyword(WebUIKeywordMain.groovy:20)
	... 19 more


2021-09-28 23:17:25 - [TEST_STEP][PASSED] - openBrowser("https://www.phptravels.net/"): Browser is opened with url: 'https://www.phptravels.net/'

2021-09-28 23:17:25 - [MESSAGE][WARNING] - A browser is already opened. Closing browser and opening a new one

2021-09-28 23:17:27 - [MESSAGE][INFO] - Starting 'Chrome' driver

2021-09-28 23:17:27 - [MESSAGE][INFO] - Action delay is set to 0 milliseconds

2021-09-28 23:17:35 - [MESSAGE][PASSED] - Browser is opened with url: 'https://www.phptravels.net/'

2021-09-28 23:17:35 - [TEST_STEP][PASSED] - maximizeWindow(): Current window maximized

2021-09-28 23:17:36 - [MESSAGE][PASSED] - Current window maximized

2021-09-28 23:17:36 - [TEST_STEP][PASSED] - click(findTestObject("Page_PHPTRAVEL - PHPTRAVEL/a_Login")): Object: 'Object Repository/Page_PHPTRAVEL - PHPTRAVEL/a_Login' is clicked on

2021-09-28 23:17:37 - [MESSAGE][PASSED] - Object: 'Object Repository/Page_PHPTRAVEL - PHPTRAVEL/a_Login' is clicked on

2021-09-28 23:17:37 - [TEST_STEP][PASSED] - setText(findTestObject("Page_Login - PHPTRAVEL/input_Email_email"), Username): Text 'dwferdy@gmail.com' is set on object 'Object Repository/Page_Login - PHPTRAVEL/input_Email_email'

2021-09-28 23:17:38 - [MESSAGE][PASSED] - Text 'dwferdy@gmail.com' is set on object 'Object Repository/Page_Login - PHPTRAVEL/input_Email_email'

2021-09-28 23:17:38 - [TEST_STEP][PASSED] - setText(findTestObject("Page_Login - PHPTRAVEL/input_Password_password"), Password): Text '' is set on object 'Object Repository/Page_Login - PHPTRAVEL/input_Password_password'

2021-09-28 23:17:39 - [MESSAGE][PASSED] - Text '' is set on object 'Object Repository/Page_Login - PHPTRAVEL/input_Password_password'

2021-09-28 23:17:39 - [TEST_STEP][PASSED] - click(findTestObject("Page_Login - PHPTRAVEL/button_Login")): Object: 'Object Repository/Page_Login - PHPTRAVEL/button_Login' is clicked on

2021-09-28 23:17:39 - [MESSAGE][PASSED] - Object: 'Object Repository/Page_Login - PHPTRAVEL/button_Login' is clicked on

2021-09-28 23:17:39 - [TEST_STEP][FAILED] - if (true): Unable to verify object 'Object Repository/Page_Dashboard - PHPTRAVEL/a_Dashboard' is visible (Root cause: com.kms.katalon.core.exception.StepFailedException: Unable to verify object 'Object Repository/Page_Dashboard - PHPTRAVEL/a_Dashboard' is visible
	at com.kms.katalon.core.webui.keyword.internal.WebUIKeywordMain.stepFailed(WebUIKeywordMain.groovy:64)
	at com.kms.katalon.core.webui.keyword.internal.WebUIKeywordMain.runKeyword(WebUIKeywordMain.groovy:26)
	at com.kms.katalon.core.webui.keyword.builtin.VerifyElementVisibleKeyword.verifyElementVisible(VerifyElementVisibleKeyword.groovy:97)
	at com.kms.katalon.core.webui.keyword.builtin.VerifyElementVisibleKeyword.execute(VerifyElementVisibleKeyword.groovy:67)
	at com.kms.katalon.core.keyword.internal.KeywordExecutor.executeKeywordForPlatform(KeywordExecutor.groovy:73)
	at com.kms.katalon.core.webui.keyword.WebUiBuiltInKeywords.verifyElementVisible(WebUiBuiltInKeywords.groovy:373)
	at com.kms.katalon.core.webui.keyword.WebUiBuiltInKeywords$verifyElementVisible$3.call(Unknown Source)
	at TC - Login.run(TC - Login:31)
	at com.kms.katalon.core.main.ScriptEngine.run(ScriptEngine.java:194)
	at com.kms.katalon.core.main.ScriptEngine.runScriptAsRawText(ScriptEngine.java:119)
	at com.kms.katalon.core.main.TestCaseExecutor.runScript(TestCaseExecutor.java:393)
	at com.kms.katalon.core.main.TestCaseExecutor.doExecute(TestCaseExecutor.java:384)
	at com.kms.katalon.core.main.TestCaseExecutor.processExecutionPhase(TestCaseExecutor.java:363)
	at com.kms.katalon.core.main.TestCaseExecutor.accessMainPhase(TestCaseExecutor.java:355)
	at com.kms.katalon.core.main.TestCaseExecutor.execute(TestCaseExecutor.java:251)
	at com.kms.katalon.core.main.TestSuiteExecutor.accessTestCaseMainPhase(TestSuiteExecutor.java:203)
	at com.kms.katalon.core.main.TestSuiteExecutor.accessTestSuiteMainPhase(TestSuiteExecutor.java:152)
	at com.kms.katalon.core.main.TestSuiteExecutor.execute(TestSuiteExecutor.java:95)
	at com.kms.katalon.core.main.TestCaseMain.startTestSuite(TestCaseMain.java:157)
	at com.kms.katalon.core.main.TestCaseMain$startTestSuite$0.call(Unknown Source)
	at TempTestSuite1632842200257.run(TempTestSuite1632842200257.groovy:39)
Caused by: com.kms.katalon.core.exception.StepFailedException: Web element with id: 'Object Repository/Page_Dashboard - PHPTRAVEL/a_Dashboard' located by '(//a[contains(text(),'Dashboard')])[2]' not found
	at com.kms.katalon.core.webui.keyword.internal.WebUIKeywordMain.stepFailed(WebUIKeywordMain.groovy:64)
	at com.kms.katalon.core.webui.keyword.builtin.VerifyElementVisibleKeyword$_verifyElementVisible_closure1.doCall(VerifyElementVisibleKeyword.groovy:89)
	at com.kms.katalon.core.webui.keyword.builtin.VerifyElementVisibleKeyword$_verifyElementVisible_closure1.call(VerifyElementVisibleKeyword.groovy)
	at com.kms.katalon.core.webui.keyword.internal.WebUIKeywordMain.runKeyword(WebUIKeywordMain.groovy:20)
	... 19 more
)

2021-09-28 23:17:39 - [TEST_STEP][FAILED] - verifyElementVisible(findTestObject("Page_Dashboard - PHPTRAVEL/a_Dashboard")): Unable to verify object 'Object Repository/Page_Dashboard - PHPTRAVEL/a_Dashboard' is visible (Root cause: com.kms.katalon.core.exception.StepFailedException: Unable to verify object 'Object Repository/Page_Dashboard - PHPTRAVEL/a_Dashboard' is visible
	at com.kms.katalon.core.webui.keyword.internal.WebUIKeywordMain.stepFailed(WebUIKeywordMain.groovy:64)
	at com.kms.katalon.core.webui.keyword.internal.WebUIKeywordMain.runKeyword(WebUIKeywordMain.groovy:26)
	at com.kms.katalon.core.webui.keyword.builtin.VerifyElementVisibleKeyword.verifyElementVisible(VerifyElementVisibleKeyword.groovy:97)
	at com.kms.katalon.core.webui.keyword.builtin.VerifyElementVisibleKeyword.execute(VerifyElementVisibleKeyword.groovy:67)
	at com.kms.katalon.core.keyword.internal.KeywordExecutor.executeKeywordForPlatform(KeywordExecutor.groovy:73)
	at com.kms.katalon.core.webui.keyword.WebUiBuiltInKeywords.verifyElementVisible(WebUiBuiltInKeywords.groovy:373)
	at com.kms.katalon.core.webui.keyword.WebUiBuiltInKeywords$verifyElementVisible$3.call(Unknown Source)
	at TC - Login.run(TC - Login:31)
	at com.kms.katalon.core.main.ScriptEngine.run(ScriptEngine.java:194)
	at com.kms.katalon.core.main.ScriptEngine.runScriptAsRawText(ScriptEngine.java:119)
	at com.kms.katalon.core.main.TestCaseExecutor.runScript(TestCaseExecutor.java:393)
	at com.kms.katalon.core.main.TestCaseExecutor.doExecute(TestCaseExecutor.java:384)
	at com.kms.katalon.core.main.TestCaseExecutor.processExecutionPhase(TestCaseExecutor.java:363)
	at com.kms.katalon.core.main.TestCaseExecutor.accessMainPhase(TestCaseExecutor.java:355)
	at com.kms.katalon.core.main.TestCaseExecutor.execute(TestCaseExecutor.java:251)
	at com.kms.katalon.core.main.TestSuiteExecutor.accessTestCaseMainPhase(TestSuiteExecutor.java:203)
	at com.kms.katalon.core.main.TestSuiteExecutor.accessTestSuiteMainPhase(TestSuiteExecutor.java:152)
	at com.kms.katalon.core.main.TestSuiteExecutor.execute(TestSuiteExecutor.java:95)
	at com.kms.katalon.core.main.TestCaseMain.startTestSuite(TestCaseMain.java:157)
	at com.kms.katalon.core.main.TestCaseMain$startTestSuite$0.call(Unknown Source)
	at TempTestSuite1632842200257.run(TempTestSuite1632842200257.groovy:39)
Caused by: com.kms.katalon.core.exception.StepFailedException: Web element with id: 'Object Repository/Page_Dashboard - PHPTRAVEL/a_Dashboard' located by '(//a[contains(text(),'Dashboard')])[2]' not found
	at com.kms.katalon.core.webui.keyword.internal.WebUIKeywordMain.stepFailed(WebUIKeywordMain.groovy:64)
	at com.kms.katalon.core.webui.keyword.builtin.VerifyElementVisibleKeyword$_verifyElementVisible_closure1.doCall(VerifyElementVisibleKeyword.groovy:89)
	at com.kms.katalon.core.webui.keyword.builtin.VerifyElementVisibleKeyword$_verifyElementVisible_closure1.call(VerifyElementVisibleKeyword.groovy)
	at com.kms.katalon.core.webui.keyword.internal.WebUIKeywordMain.runKeyword(WebUIKeywordMain.groovy:20)
	... 19 more
)

2021-09-28 23:18:10 - [MESSAGE][INFO] - Unable to find the element located by 'By.xpath: (//a[contains(text(),'Dashboard')])[2]'. Please recheck the objects properties to make sure the desired element is located. 

2021-09-28 23:18:10 - [MESSAGE][WARNING] - [SELF-HEALING] Failed to find element with id 'Object Repository/Page_Dashboard - PHPTRAVEL/a_Dashboard'. Try using Self-healing.

2021-09-28 23:18:10 - [MESSAGE][INFO] - [SELF-HEALING] Failed Locator: '(//a[contains(text(),'Dashboard')])[2]'.

2021-09-28 23:18:10 - [MESSAGE][INFO] - [SELF-HEALING] Failed Locator: '(.//*[normalize-space(text()) and normalize-space(.)='Welcome Back'])[1]/following::a[1]'.

2021-09-28 23:18:10 - [MESSAGE][INFO] - [SELF-HEALING] Failed Locator: '(.//*[normalize-space(text()) and normalize-space(.)='Dewa'])[1]/following::a[1]'.

2021-09-28 23:18:10 - [MESSAGE][INFO] - [SELF-HEALING] Failed Locator: '(.//*[normalize-space(text()) and normalize-space(.)='My Bookings'])[1]/preceding::a[1]'.

2021-09-28 23:18:10 - [MESSAGE][INFO] - [SELF-HEALING] Failed Locator: '(.//*[normalize-space(text()) and normalize-space(.)='Add Funds'])[1]/preceding::a[2]'.

2021-09-28 23:18:10 - [MESSAGE][INFO] - [SELF-HEALING] Failed Locator: '(//a[contains(@href, 'https://www.phptravels.net/account/dashboard')])[2]'.

2021-09-28 23:18:10 - [MESSAGE][INFO] - [SELF-HEALING] Failed Locator: '//div[3]/ul/li/a'.

2021-09-28 23:18:10 - [MESSAGE][INFO] - [SELF-HEALING] Failed Locator: '(//a[contains(text(),'Dashboard')])[2]'.

2021-09-28 23:18:10 - [MESSAGE][INFO] - [SELF-HEALING] Failed Locator: '(.//*[normalize-space(text()) and normalize-space(.)='Welcome Back'])[1]/following::a[1]'.

2021-09-28 23:18:11 - [MESSAGE][INFO] - [SELF-HEALING] Failed Locator: '(.//*[normalize-space(text()) and normalize-space(.)='Dewa'])[1]/following::a[1]'.

2021-09-28 23:18:11 - [MESSAGE][INFO] - [SELF-HEALING] Failed Locator: '(.//*[normalize-space(text()) and normalize-space(.)='My Bookings'])[1]/preceding::a[1]'.

2021-09-28 23:18:11 - [MESSAGE][INFO] - [SELF-HEALING] Failed Locator: '(.//*[normalize-space(text()) and normalize-space(.)='Add Funds'])[1]/preceding::a[2]'.

2021-09-28 23:18:11 - [MESSAGE][INFO] - [SELF-HEALING] Failed Locator: '(//a[contains(@href, 'https://www.phptravels.net/account/dashboard')])[2]'.

2021-09-28 23:18:11 - [MESSAGE][INFO] - [SELF-HEALING] Failed Locator: '//div[3]/ul/li/a'.

2021-09-28 23:18:11 - [MESSAGE][INFO] - [SELF-HEALING] Failed Locator: '(//a[contains(text(),'Dashboard')])[2]'.

2021-09-28 23:18:11 - [MESSAGE][INFO] - [SELF-HEALING] Failed Locator: '(.//*[normalize-space(text()) and normalize-space(.)='Welcome Back'])[1]/following::a[1]'.

2021-09-28 23:18:11 - [MESSAGE][INFO] - [SELF-HEALING] Failed Locator: '(.//*[normalize-space(text()) and normalize-space(.)='Dewa'])[1]/following::a[1]'.

2021-09-28 23:18:11 - [MESSAGE][INFO] - [SELF-HEALING] Failed Locator: '(.//*[normalize-space(text()) and normalize-space(.)='My Bookings'])[1]/preceding::a[1]'.

2021-09-28 23:18:11 - [MESSAGE][INFO] - [SELF-HEALING] Failed Locator: '(.//*[normalize-space(text()) and normalize-space(.)='Add Funds'])[1]/preceding::a[2]'.

2021-09-28 23:18:11 - [MESSAGE][INFO] - [SELF-HEALING] Failed Locator: '(//a[contains(@href, 'https://www.phptravels.net/account/dashboard')])[2]'.

2021-09-28 23:18:11 - [MESSAGE][INFO] - [SELF-HEALING] Failed Locator: '//div[3]/ul/li/a'.

2021-09-28 23:18:11 - [MESSAGE][INFO] - [SELF-HEALING] Failed Locator: '(//a[contains(text(),'Dashboard')])[2]'.

2021-09-28 23:18:11 - [MESSAGE][INFO] - [SELF-HEALING] Failed Locator: '(.//*[normalize-space(text()) and normalize-space(.)='Welcome Back'])[1]/following::a[1]'.

2021-09-28 23:18:11 - [MESSAGE][INFO] - [SELF-HEALING] Failed Locator: '(.//*[normalize-space(text()) and normalize-space(.)='Dewa'])[1]/following::a[1]'.

2021-09-28 23:18:11 - [MESSAGE][INFO] - [SELF-HEALING] Failed Locator: '(.//*[normalize-space(text()) and normalize-space(.)='My Bookings'])[1]/preceding::a[1]'.

2021-09-28 23:18:11 - [MESSAGE][INFO] - [SELF-HEALING] Failed Locator: '(.//*[normalize-space(text()) and normalize-space(.)='Add Funds'])[1]/preceding::a[2]'.

2021-09-28 23:18:11 - [MESSAGE][INFO] - [SELF-HEALING] Failed Locator: '(//a[contains(@href, 'https://www.phptravels.net/account/dashboard')])[2]'.

2021-09-28 23:18:11 - [MESSAGE][INFO] - [SELF-HEALING] Failed Locator: '//div[3]/ul/li/a'.

2021-09-28 23:18:12 - [MESSAGE][INFO] - Unable to find the element located by 'By.xpath: //*[@href = 'https://www.phptravels.net/account/dashboard' and (text() = ' Dashboard' or . = ' Dashboard')]'. Please recheck the objects properties to make sure the desired element is located. 

2021-09-28 23:18:13 - [MESSAGE][INFO] - Unable to find the element located by 'By.cssSelector: '. Please recheck the objects properties to make sure the desired element is located. 

2021-09-28 23:18:14 - [MESSAGE][FAILED] - Web element with id: 'Object Repository/Page_Dashboard - PHPTRAVEL/a_Dashboard' located by '(//a[contains(text(),'Dashboard')])[2]' not found (Root cause: com.kms.katalon.core.exception.StepFailedException: Web element with id: 'Object Repository/Page_Dashboard - PHPTRAVEL/a_Dashboard' located by '(//a[contains(text(),'Dashboard')])[2]' not found
	at com.kms.katalon.core.webui.keyword.internal.WebUIKeywordMain.stepFailed(WebUIKeywordMain.groovy:64)
	at com.kms.katalon.core.webui.keyword.builtin.VerifyElementVisibleKeyword$_verifyElementVisible_closure1.doCall(VerifyElementVisibleKeyword.groovy:89)
	at com.kms.katalon.core.webui.keyword.builtin.VerifyElementVisibleKeyword$_verifyElementVisible_closure1.call(VerifyElementVisibleKeyword.groovy)
	at com.kms.katalon.core.webui.keyword.internal.WebUIKeywordMain.runKeyword(WebUIKeywordMain.groovy:20)
	at com.kms.katalon.core.webui.keyword.builtin.VerifyElementVisibleKeyword.verifyElementVisible(VerifyElementVisibleKeyword.groovy:97)
	at com.kms.katalon.core.webui.keyword.builtin.VerifyElementVisibleKeyword.execute(VerifyElementVisibleKeyword.groovy:67)
	at com.kms.katalon.core.keyword.internal.KeywordExecutor.executeKeywordForPlatform(KeywordExecutor.groovy:73)
	at com.kms.katalon.core.webui.keyword.WebUiBuiltInKeywords.verifyElementVisible(WebUiBuiltInKeywords.groovy:373)
	at com.kms.katalon.core.webui.keyword.WebUiBuiltInKeywords$verifyElementVisible$3.call(Unknown Source)
	at TC - Login.run(TC - Login:31)
	at com.kms.katalon.core.main.ScriptEngine.run(ScriptEngine.java:194)
	at com.kms.katalon.core.main.ScriptEngine.runScriptAsRawText(ScriptEngine.java:119)
	at com.kms.katalon.core.main.TestCaseExecutor.runScript(TestCaseExecutor.java:393)
	at com.kms.katalon.core.main.TestCaseExecutor.doExecute(TestCaseExecutor.java:384)
	at com.kms.katalon.core.main.TestCaseExecutor.processExecutionPhase(TestCaseExecutor.java:363)
	at com.kms.katalon.core.main.TestCaseExecutor.accessMainPhase(TestCaseExecutor.java:355)
	at com.kms.katalon.core.main.TestCaseExecutor.execute(TestCaseExecutor.java:251)
	at com.kms.katalon.core.main.TestSuiteExecutor.accessTestCaseMainPhase(TestSuiteExecutor.java:203)
	at com.kms.katalon.core.main.TestSuiteExecutor.accessTestSuiteMainPhase(TestSuiteExecutor.java:152)
	at com.kms.katalon.core.main.TestSuiteExecutor.execute(TestSuiteExecutor.java:95)
	at com.kms.katalon.core.main.TestCaseMain.startTestSuite(TestCaseMain.java:157)
	at com.kms.katalon.core.main.TestCaseMain$startTestSuite$0.call(Unknown Source)
	at TempTestSuite1632842200257.run(TempTestSuite1632842200257.groovy:39)
)
[[ATTACHMENT|C:\\Users\\Asus\\Katalon Studio\\Php Travels\\Reports\\20210928_231640\\TS - Login\\20210928_231640\\1632842293976.png]]

2021-09-28 23:18:14 - [MESSAGE][FAILED] - Unable to verify object 'Object Repository/Page_Dashboard - PHPTRAVEL/a_Dashboard' is visible (Root cause: com.kms.katalon.core.exception.StepFailedException: Unable to verify object 'Object Repository/Page_Dashboard - PHPTRAVEL/a_Dashboard' is visible
	at com.kms.katalon.core.webui.keyword.internal.WebUIKeywordMain.stepFailed(WebUIKeywordMain.groovy:64)
	at com.kms.katalon.core.webui.keyword.internal.WebUIKeywordMain.runKeyword(WebUIKeywordMain.groovy:26)
	at com.kms.katalon.core.webui.keyword.builtin.VerifyElementVisibleKeyword.verifyElementVisible(VerifyElementVisibleKeyword.groovy:97)
	at com.kms.katalon.core.webui.keyword.builtin.VerifyElementVisibleKeyword.execute(VerifyElementVisibleKeyword.groovy:67)
	at com.kms.katalon.core.keyword.internal.KeywordExecutor.executeKeywordForPlatform(KeywordExecutor.groovy:73)
	at com.kms.katalon.core.webui.keyword.WebUiBuiltInKeywords.verifyElementVisible(WebUiBuiltInKeywords.groovy:373)
	at com.kms.katalon.core.webui.keyword.WebUiBuiltInKeywords$verifyElementVisible$3.call(Unknown Source)
	at TC - Login.run(TC - Login:31)
	at com.kms.katalon.core.main.ScriptEngine.run(ScriptEngine.java:194)
	at com.kms.katalon.core.main.ScriptEngine.runScriptAsRawText(ScriptEngine.java:119)
	at com.kms.katalon.core.main.TestCaseExecutor.runScript(TestCaseExecutor.java:393)
	at com.kms.katalon.core.main.TestCaseExecutor.doExecute(TestCaseExecutor.java:384)
	at com.kms.katalon.core.main.TestCaseExecutor.processExecutionPhase(TestCaseExecutor.java:363)
	at com.kms.katalon.core.main.TestCaseExecutor.accessMainPhase(TestCaseExecutor.java:355)
	at com.kms.katalon.core.main.TestCaseExecutor.execute(TestCaseExecutor.java:251)
	at com.kms.katalon.core.main.TestSuiteExecutor.accessTestCaseMainPhase(TestSuiteExecutor.java:203)
	at com.kms.katalon.core.main.TestSuiteExecutor.accessTestSuiteMainPhase(TestSuiteExecutor.java:152)
	at com.kms.katalon.core.main.TestSuiteExecutor.execute(TestSuiteExecutor.java:95)
	at com.kms.katalon.core.main.TestCaseMain.startTestSuite(TestCaseMain.java:157)
	at com.kms.katalon.core.main.TestCaseMain$startTestSuite$0.call(Unknown Source)
	at TempTestSuite1632842200257.run(TempTestSuite1632842200257.groovy:39)
Caused by: com.kms.katalon.core.exception.StepFailedException: Web element with id: 'Object Repository/Page_Dashboard - PHPTRAVEL/a_Dashboard' located by '(//a[contains(text(),'Dashboard')])[2]' not found
	at com.kms.katalon.core.webui.keyword.internal.WebUIKeywordMain.stepFailed(WebUIKeywordMain.groovy:64)
	at com.kms.katalon.core.webui.keyword.builtin.VerifyElementVisibleKeyword$_verifyElementVisible_closure1.doCall(VerifyElementVisibleKeyword.groovy:89)
	at com.kms.katalon.core.webui.keyword.builtin.VerifyElementVisibleKeyword$_verifyElementVisible_closure1.call(VerifyElementVisibleKeyword.groovy)
	at com.kms.katalon.core.webui.keyword.internal.WebUIKeywordMain.runKeyword(WebUIKeywordMain.groovy:20)
	... 19 more
)
[[ATTACHMENT|C:\\Users\\Asus\\Katalon Studio\\Php Travels\\Reports\\20210928_231640\\TS - Login\\20210928_231640\\1632842294341.png]]]]></system-out>
         <system-err><![CDATA[2021-09-28 23:17:25 - [TEST_CASE][FAILED] - Test Cases/TC - Login: Test Cases/TC - Login FAILED.
Reason:
com.kms.katalon.core.exception.StepFailedException: Unable to verify object 'Object Repository/Page_Dashboard - PHPTRAVEL/a_Dashboard' is visible
	at com.kms.katalon.core.webui.keyword.internal.WebUIKeywordMain.stepFailed(WebUIKeywordMain.groovy:64)
	at com.kms.katalon.core.webui.keyword.internal.WebUIKeywordMain.runKeyword(WebUIKeywordMain.groovy:26)
	at com.kms.katalon.core.webui.keyword.builtin.VerifyElementVisibleKeyword.verifyElementVisible(VerifyElementVisibleKeyword.groovy:97)
	at com.kms.katalon.core.webui.keyword.builtin.VerifyElementVisibleKeyword.execute(VerifyElementVisibleKeyword.groovy:67)
	at com.kms.katalon.core.keyword.internal.KeywordExecutor.executeKeywordForPlatform(KeywordExecutor.groovy:73)
	at com.kms.katalon.core.webui.keyword.WebUiBuiltInKeywords.verifyElementVisible(WebUiBuiltInKeywords.groovy:373)
	at com.kms.katalon.core.webui.keyword.WebUiBuiltInKeywords$verifyElementVisible$3.call(Unknown Source)
	at TC - Login.run(TC - Login:31)
	at com.kms.katalon.core.main.ScriptEngine.run(ScriptEngine.java:194)
	at com.kms.katalon.core.main.ScriptEngine.runScriptAsRawText(ScriptEngine.java:119)
	at com.kms.katalon.core.main.TestCaseExecutor.runScript(TestCaseExecutor.java:393)
	at com.kms.katalon.core.main.TestCaseExecutor.doExecute(TestCaseExecutor.java:384)
	at com.kms.katalon.core.main.TestCaseExecutor.processExecutionPhase(TestCaseExecutor.java:363)
	at com.kms.katalon.core.main.TestCaseExecutor.accessMainPhase(TestCaseExecutor.java:355)
	at com.kms.katalon.core.main.TestCaseExecutor.execute(TestCaseExecutor.java:251)
	at com.kms.katalon.core.main.TestSuiteExecutor.accessTestCaseMainPhase(TestSuiteExecutor.java:203)
	at com.kms.katalon.core.main.TestSuiteExecutor.accessTestSuiteMainPhase(TestSuiteExecutor.java:152)
	at com.kms.katalon.core.main.TestSuiteExecutor.execute(TestSuiteExecutor.java:95)
	at com.kms.katalon.core.main.TestCaseMain.startTestSuite(TestCaseMain.java:157)
	at com.kms.katalon.core.main.TestCaseMain$startTestSuite$0.call(Unknown Source)
	at TempTestSuite1632842200257.run(TempTestSuite1632842200257.groovy:39)
Caused by: com.kms.katalon.core.exception.StepFailedException: Web element with id: 'Object Repository/Page_Dashboard - PHPTRAVEL/a_Dashboard' located by '(//a[contains(text(),'Dashboard')])[2]' not found
	at com.kms.katalon.core.webui.keyword.internal.WebUIKeywordMain.stepFailed(WebUIKeywordMain.groovy:64)
	at com.kms.katalon.core.webui.keyword.builtin.VerifyElementVisibleKeyword$_verifyElementVisible_closure1.doCall(VerifyElementVisibleKeyword.groovy:89)
	at com.kms.katalon.core.webui.keyword.builtin.VerifyElementVisibleKeyword$_verifyElementVisible_closure1.call(VerifyElementVisibleKeyword.groovy)
	at com.kms.katalon.core.webui.keyword.internal.WebUIKeywordMain.runKeyword(WebUIKeywordMain.groovy:20)
	... 19 more]]></system-err>
      </testcase>
      <testcase name="Test Cases/TC - Login" time="59.605" classname="Test Cases/TC - Login" status="FAILED">
         <failure type="FAILED" message="Test Cases/TC - Login FAILED.
Reason:
com.kms.katalon.core.exception.StepFailedException: Unable to verify object 'Object Repository/Page_Dashboard - PHPTRAVEL/a_Dashboard' is visible
	at com.kms.katalon.core.webui.keyword.internal.WebUIKeywordMain.stepFailed(WebUIKeywordMain.groovy:64)
	at com.kms.katalon.core.webui.keyword.internal.WebUIKeywordMain.runKeyword(WebUIKeywordMain.groovy:26)
	at com.kms.katalon.core.webui.keyword.builtin.VerifyElementVisibleKeyword.verifyElementVisible(VerifyElementVisibleKeyword.groovy:97)
	at com.kms.katalon.core.webui.keyword.builtin.VerifyElementVisibleKeyword.execute(VerifyElementVisibleKeyword.groovy:67)
	at com.kms.katalon.core.keyword.internal.KeywordExecutor.executeKeywordForPlatform(KeywordExecutor.groovy:73)
	at com.kms.katalon.core.webui.keyword.WebUiBuiltInKeywords.verifyElementVisible(WebUiBuiltInKeywords.groovy:373)
	at com.kms.katalon.core.webui.keyword.WebUiBuiltInKeywords$verifyElementVisible$3.call(Unknown Source)
	at TC - Login.run(TC - Login:31)
	at com.kms.katalon.core.main.ScriptEngine.run(ScriptEngine.java:194)
	at com.kms.katalon.core.main.ScriptEngine.runScriptAsRawText(ScriptEngine.java:119)
	at com.kms.katalon.core.main.TestCaseExecutor.runScript(TestCaseExecutor.java:393)
	at com.kms.katalon.core.main.TestCaseExecutor.doExecute(TestCaseExecutor.java:384)
	at com.kms.katalon.core.main.TestCaseExecutor.processExecutionPhase(TestCaseExecutor.java:363)
	at com.kms.katalon.core.main.TestCaseExecutor.accessMainPhase(TestCaseExecutor.java:355)
	at com.kms.katalon.core.main.TestCaseExecutor.execute(TestCaseExecutor.java:251)
	at com.kms.katalon.core.main.TestSuiteExecutor.accessTestCaseMainPhase(TestSuiteExecutor.java:203)
	at com.kms.katalon.core.main.TestSuiteExecutor.accessTestSuiteMainPhase(TestSuiteExecutor.java:152)
	at com.kms.katalon.core.main.TestSuiteExecutor.execute(TestSuiteExecutor.java:95)
	at com.kms.katalon.core.main.TestCaseMain.startTestSuite(TestCaseMain.java:157)
	at com.kms.katalon.core.main.TestCaseMain$startTestSuite$0.call(Unknown Source)
	at TempTestSuite1632842200257.run(TempTestSuite1632842200257.groovy:39)
Caused by: com.kms.katalon.core.exception.StepFailedException: Web element with id: 'Object Repository/Page_Dashboard - PHPTRAVEL/a_Dashboard' located by '(//a[contains(text(),'Dashboard')])[2]' not found
	at com.kms.katalon.core.webui.keyword.internal.WebUIKeywordMain.stepFailed(WebUIKeywordMain.groovy:64)
	at com.kms.katalon.core.webui.keyword.builtin.VerifyElementVisibleKeyword$_verifyElementVisible_closure1.doCall(VerifyElementVisibleKeyword.groovy:89)
	at com.kms.katalon.core.webui.keyword.builtin.VerifyElementVisibleKeyword$_verifyElementVisible_closure1.call(VerifyElementVisibleKeyword.groovy)
	at com.kms.katalon.core.webui.keyword.internal.WebUIKeywordMain.runKeyword(WebUIKeywordMain.groovy:20)
	... 19 more
"/>
         <system-out><![CDATA[2021-09-28 23:18:23 - [TEST_CASE][FAILED] - Test Cases/TC - Login: Test Cases/TC - Login FAILED.
Reason:
com.kms.katalon.core.exception.StepFailedException: Unable to verify object 'Object Repository/Page_Dashboard - PHPTRAVEL/a_Dashboard' is visible
	at com.kms.katalon.core.webui.keyword.internal.WebUIKeywordMain.stepFailed(WebUIKeywordMain.groovy:64)
	at com.kms.katalon.core.webui.keyword.internal.WebUIKeywordMain.runKeyword(WebUIKeywordMain.groovy:26)
	at com.kms.katalon.core.webui.keyword.builtin.VerifyElementVisibleKeyword.verifyElementVisible(VerifyElementVisibleKeyword.groovy:97)
	at com.kms.katalon.core.webui.keyword.builtin.VerifyElementVisibleKeyword.execute(VerifyElementVisibleKeyword.groovy:67)
	at com.kms.katalon.core.keyword.internal.KeywordExecutor.executeKeywordForPlatform(KeywordExecutor.groovy:73)
	at com.kms.katalon.core.webui.keyword.WebUiBuiltInKeywords.verifyElementVisible(WebUiBuiltInKeywords.groovy:373)
	at com.kms.katalon.core.webui.keyword.WebUiBuiltInKeywords$verifyElementVisible$3.call(Unknown Source)
	at TC - Login.run(TC - Login:31)
	at com.kms.katalon.core.main.ScriptEngine.run(ScriptEngine.java:194)
	at com.kms.katalon.core.main.ScriptEngine.runScriptAsRawText(ScriptEngine.java:119)
	at com.kms.katalon.core.main.TestCaseExecutor.runScript(TestCaseExecutor.java:393)
	at com.kms.katalon.core.main.TestCaseExecutor.doExecute(TestCaseExecutor.java:384)
	at com.kms.katalon.core.main.TestCaseExecutor.processExecutionPhase(TestCaseExecutor.java:363)
	at com.kms.katalon.core.main.TestCaseExecutor.accessMainPhase(TestCaseExecutor.java:355)
	at com.kms.katalon.core.main.TestCaseExecutor.execute(TestCaseExecutor.java:251)
	at com.kms.katalon.core.main.TestSuiteExecutor.accessTestCaseMainPhase(TestSuiteExecutor.java:203)
	at com.kms.katalon.core.main.TestSuiteExecutor.accessTestSuiteMainPhase(TestSuiteExecutor.java:152)
	at com.kms.katalon.core.main.TestSuiteExecutor.execute(TestSuiteExecutor.java:95)
	at com.kms.katalon.core.main.TestCaseMain.startTestSuite(TestCaseMain.java:157)
	at com.kms.katalon.core.main.TestCaseMain$startTestSuite$0.call(Unknown Source)
	at TempTestSuite1632842200257.run(TempTestSuite1632842200257.groovy:39)
Caused by: com.kms.katalon.core.exception.StepFailedException: Web element with id: 'Object Repository/Page_Dashboard - PHPTRAVEL/a_Dashboard' located by '(//a[contains(text(),'Dashboard')])[2]' not found
	at com.kms.katalon.core.webui.keyword.internal.WebUIKeywordMain.stepFailed(WebUIKeywordMain.groovy:64)
	at com.kms.katalon.core.webui.keyword.builtin.VerifyElementVisibleKeyword$_verifyElementVisible_closure1.doCall(VerifyElementVisibleKeyword.groovy:89)
	at com.kms.katalon.core.webui.keyword.builtin.VerifyElementVisibleKeyword$_verifyElementVisible_closure1.call(VerifyElementVisibleKeyword.groovy)
	at com.kms.katalon.core.webui.keyword.internal.WebUIKeywordMain.runKeyword(WebUIKeywordMain.groovy:20)
	... 19 more


2021-09-28 23:18:23 - [TEST_STEP][PASSED] - openBrowser("https://www.phptravels.net/"): Browser is opened with url: 'https://www.phptravels.net/'

2021-09-28 23:18:23 - [MESSAGE][WARNING] - A browser is already opened. Closing browser and opening a new one

2021-09-28 23:18:24 - [MESSAGE][INFO] - Starting 'Chrome' driver

2021-09-28 23:18:24 - [MESSAGE][INFO] - Action delay is set to 0 milliseconds

2021-09-28 23:18:36 - [MESSAGE][PASSED] - Browser is opened with url: 'https://www.phptravels.net/'

2021-09-28 23:18:36 - [TEST_STEP][PASSED] - maximizeWindow(): Current window maximized

2021-09-28 23:18:37 - [MESSAGE][PASSED] - Current window maximized

2021-09-28 23:18:37 - [TEST_STEP][PASSED] - click(findTestObject("Page_PHPTRAVEL - PHPTRAVEL/a_Login")): Object: 'Object Repository/Page_PHPTRAVEL - PHPTRAVEL/a_Login' is clicked on

2021-09-28 23:18:39 - [MESSAGE][PASSED] - Object: 'Object Repository/Page_PHPTRAVEL - PHPTRAVEL/a_Login' is clicked on

2021-09-28 23:18:39 - [TEST_STEP][PASSED] - setText(findTestObject("Page_Login - PHPTRAVEL/input_Email_email"), Username): Text '' is set on object 'Object Repository/Page_Login - PHPTRAVEL/input_Email_email'

2021-09-28 23:18:39 - [MESSAGE][PASSED] - Text '' is set on object 'Object Repository/Page_Login - PHPTRAVEL/input_Email_email'

2021-09-28 23:18:39 - [TEST_STEP][PASSED] - setText(findTestObject("Page_Login - PHPTRAVEL/input_Password_password"), Password): Text 'ferdy123' is set on object 'Object Repository/Page_Login - PHPTRAVEL/input_Password_password'

2021-09-28 23:18:40 - [MESSAGE][PASSED] - Text 'ferdy123' is set on object 'Object Repository/Page_Login - PHPTRAVEL/input_Password_password'

2021-09-28 23:18:40 - [TEST_STEP][PASSED] - click(findTestObject("Page_Login - PHPTRAVEL/button_Login")): Object: 'Object Repository/Page_Login - PHPTRAVEL/button_Login' is clicked on

2021-09-28 23:18:40 - [MESSAGE][PASSED] - Object: 'Object Repository/Page_Login - PHPTRAVEL/button_Login' is clicked on

2021-09-28 23:18:40 - [TEST_STEP][FAILED] - if (true): Unable to verify object 'Object Repository/Page_Dashboard - PHPTRAVEL/a_Dashboard' is visible (Root cause: com.kms.katalon.core.exception.StepFailedException: Unable to verify object 'Object Repository/Page_Dashboard - PHPTRAVEL/a_Dashboard' is visible
	at com.kms.katalon.core.webui.keyword.internal.WebUIKeywordMain.stepFailed(WebUIKeywordMain.groovy:64)
	at com.kms.katalon.core.webui.keyword.internal.WebUIKeywordMain.runKeyword(WebUIKeywordMain.groovy:26)
	at com.kms.katalon.core.webui.keyword.builtin.VerifyElementVisibleKeyword.verifyElementVisible(VerifyElementVisibleKeyword.groovy:97)
	at com.kms.katalon.core.webui.keyword.builtin.VerifyElementVisibleKeyword.execute(VerifyElementVisibleKeyword.groovy:67)
	at com.kms.katalon.core.keyword.internal.KeywordExecutor.executeKeywordForPlatform(KeywordExecutor.groovy:73)
	at com.kms.katalon.core.webui.keyword.WebUiBuiltInKeywords.verifyElementVisible(WebUiBuiltInKeywords.groovy:373)
	at com.kms.katalon.core.webui.keyword.WebUiBuiltInKeywords$verifyElementVisible$3.call(Unknown Source)
	at TC - Login.run(TC - Login:31)
	at com.kms.katalon.core.main.ScriptEngine.run(ScriptEngine.java:194)
	at com.kms.katalon.core.main.ScriptEngine.runScriptAsRawText(ScriptEngine.java:119)
	at com.kms.katalon.core.main.TestCaseExecutor.runScript(TestCaseExecutor.java:393)
	at com.kms.katalon.core.main.TestCaseExecutor.doExecute(TestCaseExecutor.java:384)
	at com.kms.katalon.core.main.TestCaseExecutor.processExecutionPhase(TestCaseExecutor.java:363)
	at com.kms.katalon.core.main.TestCaseExecutor.accessMainPhase(TestCaseExecutor.java:355)
	at com.kms.katalon.core.main.TestCaseExecutor.execute(TestCaseExecutor.java:251)
	at com.kms.katalon.core.main.TestSuiteExecutor.accessTestCaseMainPhase(TestSuiteExecutor.java:203)
	at com.kms.katalon.core.main.TestSuiteExecutor.accessTestSuiteMainPhase(TestSuiteExecutor.java:152)
	at com.kms.katalon.core.main.TestSuiteExecutor.execute(TestSuiteExecutor.java:95)
	at com.kms.katalon.core.main.TestCaseMain.startTestSuite(TestCaseMain.java:157)
	at com.kms.katalon.core.main.TestCaseMain$startTestSuite$0.call(Unknown Source)
	at TempTestSuite1632842200257.run(TempTestSuite1632842200257.groovy:39)
Caused by: com.kms.katalon.core.exception.StepFailedException: Web element with id: 'Object Repository/Page_Dashboard - PHPTRAVEL/a_Dashboard' located by '(//a[contains(text(),'Dashboard')])[2]' not found
	at com.kms.katalon.core.webui.keyword.internal.WebUIKeywordMain.stepFailed(WebUIKeywordMain.groovy:64)
	at com.kms.katalon.core.webui.keyword.builtin.VerifyElementVisibleKeyword$_verifyElementVisible_closure1.doCall(VerifyElementVisibleKeyword.groovy:89)
	at com.kms.katalon.core.webui.keyword.builtin.VerifyElementVisibleKeyword$_verifyElementVisible_closure1.call(VerifyElementVisibleKeyword.groovy)
	at com.kms.katalon.core.webui.keyword.internal.WebUIKeywordMain.runKeyword(WebUIKeywordMain.groovy:20)
	... 19 more
)

2021-09-28 23:18:40 - [TEST_STEP][FAILED] - verifyElementVisible(findTestObject("Page_Dashboard - PHPTRAVEL/a_Dashboard")): Unable to verify object 'Object Repository/Page_Dashboard - PHPTRAVEL/a_Dashboard' is visible (Root cause: com.kms.katalon.core.exception.StepFailedException: Unable to verify object 'Object Repository/Page_Dashboard - PHPTRAVEL/a_Dashboard' is visible
	at com.kms.katalon.core.webui.keyword.internal.WebUIKeywordMain.stepFailed(WebUIKeywordMain.groovy:64)
	at com.kms.katalon.core.webui.keyword.internal.WebUIKeywordMain.runKeyword(WebUIKeywordMain.groovy:26)
	at com.kms.katalon.core.webui.keyword.builtin.VerifyElementVisibleKeyword.verifyElementVisible(VerifyElementVisibleKeyword.groovy:97)
	at com.kms.katalon.core.webui.keyword.builtin.VerifyElementVisibleKeyword.execute(VerifyElementVisibleKeyword.groovy:67)
	at com.kms.katalon.core.keyword.internal.KeywordExecutor.executeKeywordForPlatform(KeywordExecutor.groovy:73)
	at com.kms.katalon.core.webui.keyword.WebUiBuiltInKeywords.verifyElementVisible(WebUiBuiltInKeywords.groovy:373)
	at com.kms.katalon.core.webui.keyword.WebUiBuiltInKeywords$verifyElementVisible$3.call(Unknown Source)
	at TC - Login.run(TC - Login:31)
	at com.kms.katalon.core.main.ScriptEngine.run(ScriptEngine.java:194)
	at com.kms.katalon.core.main.ScriptEngine.runScriptAsRawText(ScriptEngine.java:119)
	at com.kms.katalon.core.main.TestCaseExecutor.runScript(TestCaseExecutor.java:393)
	at com.kms.katalon.core.main.TestCaseExecutor.doExecute(TestCaseExecutor.java:384)
	at com.kms.katalon.core.main.TestCaseExecutor.processExecutionPhase(TestCaseExecutor.java:363)
	at com.kms.katalon.core.main.TestCaseExecutor.accessMainPhase(TestCaseExecutor.java:355)
	at com.kms.katalon.core.main.TestCaseExecutor.execute(TestCaseExecutor.java:251)
	at com.kms.katalon.core.main.TestSuiteExecutor.accessTestCaseMainPhase(TestSuiteExecutor.java:203)
	at com.kms.katalon.core.main.TestSuiteExecutor.accessTestSuiteMainPhase(TestSuiteExecutor.java:152)
	at com.kms.katalon.core.main.TestSuiteExecutor.execute(TestSuiteExecutor.java:95)
	at com.kms.katalon.core.main.TestCaseMain.startTestSuite(TestCaseMain.java:157)
	at com.kms.katalon.core.main.TestCaseMain$startTestSuite$0.call(Unknown Source)
	at TempTestSuite1632842200257.run(TempTestSuite1632842200257.groovy:39)
Caused by: com.kms.katalon.core.exception.StepFailedException: Web element with id: 'Object Repository/Page_Dashboard - PHPTRAVEL/a_Dashboard' located by '(//a[contains(text(),'Dashboard')])[2]' not found
	at com.kms.katalon.core.webui.keyword.internal.WebUIKeywordMain.stepFailed(WebUIKeywordMain.groovy:64)
	at com.kms.katalon.core.webui.keyword.builtin.VerifyElementVisibleKeyword$_verifyElementVisible_closure1.doCall(VerifyElementVisibleKeyword.groovy:89)
	at com.kms.katalon.core.webui.keyword.builtin.VerifyElementVisibleKeyword$_verifyElementVisible_closure1.call(VerifyElementVisibleKeyword.groovy)
	at com.kms.katalon.core.webui.keyword.internal.WebUIKeywordMain.runKeyword(WebUIKeywordMain.groovy:20)
	... 19 more
)

2021-09-28 23:19:11 - [MESSAGE][INFO] - Unable to find the element located by 'By.xpath: (//a[contains(text(),'Dashboard')])[2]'. Please recheck the objects properties to make sure the desired element is located. 

2021-09-28 23:19:11 - [MESSAGE][WARNING] - [SELF-HEALING] Failed to find element with id 'Object Repository/Page_Dashboard - PHPTRAVEL/a_Dashboard'. Try using Self-healing.

2021-09-28 23:19:11 - [MESSAGE][INFO] - [SELF-HEALING] Failed Locator: '(//a[contains(text(),'Dashboard')])[2]'.

2021-09-28 23:19:11 - [MESSAGE][INFO] - [SELF-HEALING] Failed Locator: '(.//*[normalize-space(text()) and normalize-space(.)='Welcome Back'])[1]/following::a[1]'.

2021-09-28 23:19:11 - [MESSAGE][INFO] - [SELF-HEALING] Failed Locator: '(.//*[normalize-space(text()) and normalize-space(.)='Dewa'])[1]/following::a[1]'.

2021-09-28 23:19:11 - [MESSAGE][INFO] - [SELF-HEALING] Failed Locator: '(.//*[normalize-space(text()) and normalize-space(.)='My Bookings'])[1]/preceding::a[1]'.

2021-09-28 23:19:11 - [MESSAGE][INFO] - [SELF-HEALING] Failed Locator: '(.//*[normalize-space(text()) and normalize-space(.)='Add Funds'])[1]/preceding::a[2]'.

2021-09-28 23:19:11 - [MESSAGE][INFO] - [SELF-HEALING] Failed Locator: '(//a[contains(@href, 'https://www.phptravels.net/account/dashboard')])[2]'.

2021-09-28 23:19:12 - [MESSAGE][INFO] - [SELF-HEALING] Failed Locator: '//div[3]/ul/li/a'.

2021-09-28 23:19:12 - [MESSAGE][INFO] - [SELF-HEALING] Failed Locator: '(//a[contains(text(),'Dashboard')])[2]'.

2021-09-28 23:19:12 - [MESSAGE][INFO] - [SELF-HEALING] Failed Locator: '(.//*[normalize-space(text()) and normalize-space(.)='Welcome Back'])[1]/following::a[1]'.

2021-09-28 23:19:12 - [MESSAGE][INFO] - [SELF-HEALING] Failed Locator: '(.//*[normalize-space(text()) and normalize-space(.)='Dewa'])[1]/following::a[1]'.

2021-09-28 23:19:12 - [MESSAGE][INFO] - [SELF-HEALING] Failed Locator: '(.//*[normalize-space(text()) and normalize-space(.)='My Bookings'])[1]/preceding::a[1]'.

2021-09-28 23:19:12 - [MESSAGE][INFO] - [SELF-HEALING] Failed Locator: '(.//*[normalize-space(text()) and normalize-space(.)='Add Funds'])[1]/preceding::a[2]'.

2021-09-28 23:19:12 - [MESSAGE][INFO] - [SELF-HEALING] Failed Locator: '(//a[contains(@href, 'https://www.phptravels.net/account/dashboard')])[2]'.

2021-09-28 23:19:12 - [MESSAGE][INFO] - [SELF-HEALING] Failed Locator: '//div[3]/ul/li/a'.

2021-09-28 23:19:12 - [MESSAGE][INFO] - [SELF-HEALING] Failed Locator: '(//a[contains(text(),'Dashboard')])[2]'.

2021-09-28 23:19:12 - [MESSAGE][INFO] - [SELF-HEALING] Failed Locator: '(.//*[normalize-space(text()) and normalize-space(.)='Welcome Back'])[1]/following::a[1]'.

2021-09-28 23:19:12 - [MESSAGE][INFO] - [SELF-HEALING] Failed Locator: '(.//*[normalize-space(text()) and normalize-space(.)='Dewa'])[1]/following::a[1]'.

2021-09-28 23:19:12 - [MESSAGE][INFO] - [SELF-HEALING] Failed Locator: '(.//*[normalize-space(text()) and normalize-space(.)='My Bookings'])[1]/preceding::a[1]'.

2021-09-28 23:19:12 - [MESSAGE][INFO] - [SELF-HEALING] Failed Locator: '(.//*[normalize-space(text()) and normalize-space(.)='Add Funds'])[1]/preceding::a[2]'.

2021-09-28 23:19:12 - [MESSAGE][INFO] - [SELF-HEALING] Failed Locator: '(//a[contains(@href, 'https://www.phptravels.net/account/dashboard')])[2]'.

2021-09-28 23:19:12 - [MESSAGE][INFO] - [SELF-HEALING] Failed Locator: '//div[3]/ul/li/a'.

2021-09-28 23:19:12 - [MESSAGE][INFO] - [SELF-HEALING] Failed Locator: '(//a[contains(text(),'Dashboard')])[2]'.

2021-09-28 23:19:12 - [MESSAGE][INFO] - [SELF-HEALING] Failed Locator: '(.//*[normalize-space(text()) and normalize-space(.)='Welcome Back'])[1]/following::a[1]'.

2021-09-28 23:19:12 - [MESSAGE][INFO] - [SELF-HEALING] Failed Locator: '(.//*[normalize-space(text()) and normalize-space(.)='Dewa'])[1]/following::a[1]'.

2021-09-28 23:19:12 - [MESSAGE][INFO] - [SELF-HEALING] Failed Locator: '(.//*[normalize-space(text()) and normalize-space(.)='My Bookings'])[1]/preceding::a[1]'.

2021-09-28 23:19:12 - [MESSAGE][INFO] - [SELF-HEALING] Failed Locator: '(.//*[normalize-space(text()) and normalize-space(.)='Add Funds'])[1]/preceding::a[2]'.

2021-09-28 23:19:12 - [MESSAGE][INFO] - [SELF-HEALING] Failed Locator: '(//a[contains(@href, 'https://www.phptravels.net/account/dashboard')])[2]'.

2021-09-28 23:19:12 - [MESSAGE][INFO] - [SELF-HEALING] Failed Locator: '//div[3]/ul/li/a'.

2021-09-28 23:19:12 - [MESSAGE][INFO] - [SELF-HEALING] Failed Locator: '(//a[contains(text(),'Dashboard')])[2]'.

2021-09-28 23:19:12 - [MESSAGE][INFO] - [SELF-HEALING] Failed Locator: '(.//*[normalize-space(text()) and normalize-space(.)='Welcome Back'])[1]/following::a[1]'.

2021-09-28 23:19:12 - [MESSAGE][INFO] - [SELF-HEALING] Failed Locator: '(.//*[normalize-space(text()) and normalize-space(.)='Dewa'])[1]/following::a[1]'.

2021-09-28 23:19:12 - [MESSAGE][INFO] - [SELF-HEALING] Failed Locator: '(.//*[normalize-space(text()) and normalize-space(.)='My Bookings'])[1]/preceding::a[1]'.

2021-09-28 23:19:12 - [MESSAGE][INFO] - [SELF-HEALING] Failed Locator: '(.//*[normalize-space(text()) and normalize-space(.)='Add Funds'])[1]/preceding::a[2]'.

2021-09-28 23:19:12 - [MESSAGE][INFO] - [SELF-HEALING] Failed Locator: '(//a[contains(@href, 'https://www.phptravels.net/account/dashboard')])[2]'.

2021-09-28 23:19:12 - [MESSAGE][INFO] - [SELF-HEALING] Failed Locator: '//div[3]/ul/li/a'.

2021-09-28 23:19:13 - [MESSAGE][INFO] - Unable to find the element located by 'By.xpath: //*[@href = 'https://www.phptravels.net/account/dashboard' and (text() = ' Dashboard' or . = ' Dashboard')]'. Please recheck the objects properties to make sure the desired element is located. 

2021-09-28 23:19:14 - [MESSAGE][INFO] - Unable to find the element located by 'By.cssSelector: '. Please recheck the objects properties to make sure the desired element is located. 

2021-09-28 23:19:15 - [MESSAGE][FAILED] - Web element with id: 'Object Repository/Page_Dashboard - PHPTRAVEL/a_Dashboard' located by '(//a[contains(text(),'Dashboard')])[2]' not found (Root cause: com.kms.katalon.core.exception.StepFailedException: Web element with id: 'Object Repository/Page_Dashboard - PHPTRAVEL/a_Dashboard' located by '(//a[contains(text(),'Dashboard')])[2]' not found
	at com.kms.katalon.core.webui.keyword.internal.WebUIKeywordMain.stepFailed(WebUIKeywordMain.groovy:64)
	at com.kms.katalon.core.webui.keyword.builtin.VerifyElementVisibleKeyword$_verifyElementVisible_closure1.doCall(VerifyElementVisibleKeyword.groovy:89)
	at com.kms.katalon.core.webui.keyword.builtin.VerifyElementVisibleKeyword$_verifyElementVisible_closure1.call(VerifyElementVisibleKeyword.groovy)
	at com.kms.katalon.core.webui.keyword.internal.WebUIKeywordMain.runKeyword(WebUIKeywordMain.groovy:20)
	at com.kms.katalon.core.webui.keyword.builtin.VerifyElementVisibleKeyword.verifyElementVisible(VerifyElementVisibleKeyword.groovy:97)
	at com.kms.katalon.core.webui.keyword.builtin.VerifyElementVisibleKeyword.execute(VerifyElementVisibleKeyword.groovy:67)
	at com.kms.katalon.core.keyword.internal.KeywordExecutor.executeKeywordForPlatform(KeywordExecutor.groovy:73)
	at com.kms.katalon.core.webui.keyword.WebUiBuiltInKeywords.verifyElementVisible(WebUiBuiltInKeywords.groovy:373)
	at com.kms.katalon.core.webui.keyword.WebUiBuiltInKeywords$verifyElementVisible$3.call(Unknown Source)
	at TC - Login.run(TC - Login:31)
	at com.kms.katalon.core.main.ScriptEngine.run(ScriptEngine.java:194)
	at com.kms.katalon.core.main.ScriptEngine.runScriptAsRawText(ScriptEngine.java:119)
	at com.kms.katalon.core.main.TestCaseExecutor.runScript(TestCaseExecutor.java:393)
	at com.kms.katalon.core.main.TestCaseExecutor.doExecute(TestCaseExecutor.java:384)
	at com.kms.katalon.core.main.TestCaseExecutor.processExecutionPhase(TestCaseExecutor.java:363)
	at com.kms.katalon.core.main.TestCaseExecutor.accessMainPhase(TestCaseExecutor.java:355)
	at com.kms.katalon.core.main.TestCaseExecutor.execute(TestCaseExecutor.java:251)
	at com.kms.katalon.core.main.TestSuiteExecutor.accessTestCaseMainPhase(TestSuiteExecutor.java:203)
	at com.kms.katalon.core.main.TestSuiteExecutor.accessTestSuiteMainPhase(TestSuiteExecutor.java:152)
	at com.kms.katalon.core.main.TestSuiteExecutor.execute(TestSuiteExecutor.java:95)
	at com.kms.katalon.core.main.TestCaseMain.startTestSuite(TestCaseMain.java:157)
	at com.kms.katalon.core.main.TestCaseMain$startTestSuite$0.call(Unknown Source)
	at TempTestSuite1632842200257.run(TempTestSuite1632842200257.groovy:39)
)
[[ATTACHMENT|C:\\Users\\Asus\\Katalon Studio\\Php Travels\\Reports\\20210928_231640\\TS - Login\\20210928_231640\\1632842354956.png]]

2021-09-28 23:19:15 - [MESSAGE][FAILED] - Unable to verify object 'Object Repository/Page_Dashboard - PHPTRAVEL/a_Dashboard' is visible (Root cause: com.kms.katalon.core.exception.StepFailedException: Unable to verify object 'Object Repository/Page_Dashboard - PHPTRAVEL/a_Dashboard' is visible
	at com.kms.katalon.core.webui.keyword.internal.WebUIKeywordMain.stepFailed(WebUIKeywordMain.groovy:64)
	at com.kms.katalon.core.webui.keyword.internal.WebUIKeywordMain.runKeyword(WebUIKeywordMain.groovy:26)
	at com.kms.katalon.core.webui.keyword.builtin.VerifyElementVisibleKeyword.verifyElementVisible(VerifyElementVisibleKeyword.groovy:97)
	at com.kms.katalon.core.webui.keyword.builtin.VerifyElementVisibleKeyword.execute(VerifyElementVisibleKeyword.groovy:67)
	at com.kms.katalon.core.keyword.internal.KeywordExecutor.executeKeywordForPlatform(KeywordExecutor.groovy:73)
	at com.kms.katalon.core.webui.keyword.WebUiBuiltInKeywords.verifyElementVisible(WebUiBuiltInKeywords.groovy:373)
	at com.kms.katalon.core.webui.keyword.WebUiBuiltInKeywords$verifyElementVisible$3.call(Unknown Source)
	at TC - Login.run(TC - Login:31)
	at com.kms.katalon.core.main.ScriptEngine.run(ScriptEngine.java:194)
	at com.kms.katalon.core.main.ScriptEngine.runScriptAsRawText(ScriptEngine.java:119)
	at com.kms.katalon.core.main.TestCaseExecutor.runScript(TestCaseExecutor.java:393)
	at com.kms.katalon.core.main.TestCaseExecutor.doExecute(TestCaseExecutor.java:384)
	at com.kms.katalon.core.main.TestCaseExecutor.processExecutionPhase(TestCaseExecutor.java:363)
	at com.kms.katalon.core.main.TestCaseExecutor.accessMainPhase(TestCaseExecutor.java:355)
	at com.kms.katalon.core.main.TestCaseExecutor.execute(TestCaseExecutor.java:251)
	at com.kms.katalon.core.main.TestSuiteExecutor.accessTestCaseMainPhase(TestSuiteExecutor.java:203)
	at com.kms.katalon.core.main.TestSuiteExecutor.accessTestSuiteMainPhase(TestSuiteExecutor.java:152)
	at com.kms.katalon.core.main.TestSuiteExecutor.execute(TestSuiteExecutor.java:95)
	at com.kms.katalon.core.main.TestCaseMain.startTestSuite(TestCaseMain.java:157)
	at com.kms.katalon.core.main.TestCaseMain$startTestSuite$0.call(Unknown Source)
	at TempTestSuite1632842200257.run(TempTestSuite1632842200257.groovy:39)
Caused by: com.kms.katalon.core.exception.StepFailedException: Web element with id: 'Object Repository/Page_Dashboard - PHPTRAVEL/a_Dashboard' located by '(//a[contains(text(),'Dashboard')])[2]' not found
	at com.kms.katalon.core.webui.keyword.internal.WebUIKeywordMain.stepFailed(WebUIKeywordMain.groovy:64)
	at com.kms.katalon.core.webui.keyword.builtin.VerifyElementVisibleKeyword$_verifyElementVisible_closure1.doCall(VerifyElementVisibleKeyword.groovy:89)
	at com.kms.katalon.core.webui.keyword.builtin.VerifyElementVisibleKeyword$_verifyElementVisible_closure1.call(VerifyElementVisibleKeyword.groovy)
	at com.kms.katalon.core.webui.keyword.internal.WebUIKeywordMain.runKeyword(WebUIKeywordMain.groovy:20)
	... 19 more
)
[[ATTACHMENT|C:\\Users\\Asus\\Katalon Studio\\Php Travels\\Reports\\20210928_231640\\TS - Login\\20210928_231640\\1632842355263.png]]]]></system-out>
         <system-err><![CDATA[2021-09-28 23:18:23 - [TEST_CASE][FAILED] - Test Cases/TC - Login: Test Cases/TC - Login FAILED.
Reason:
com.kms.katalon.core.exception.StepFailedException: Unable to verify object 'Object Repository/Page_Dashboard - PHPTRAVEL/a_Dashboard' is visible
	at com.kms.katalon.core.webui.keyword.internal.WebUIKeywordMain.stepFailed(WebUIKeywordMain.groovy:64)
	at com.kms.katalon.core.webui.keyword.internal.WebUIKeywordMain.runKeyword(WebUIKeywordMain.groovy:26)
	at com.kms.katalon.core.webui.keyword.builtin.VerifyElementVisibleKeyword.verifyElementVisible(VerifyElementVisibleKeyword.groovy:97)
	at com.kms.katalon.core.webui.keyword.builtin.VerifyElementVisibleKeyword.execute(VerifyElementVisibleKeyword.groovy:67)
	at com.kms.katalon.core.keyword.internal.KeywordExecutor.executeKeywordForPlatform(KeywordExecutor.groovy:73)
	at com.kms.katalon.core.webui.keyword.WebUiBuiltInKeywords.verifyElementVisible(WebUiBuiltInKeywords.groovy:373)
	at com.kms.katalon.core.webui.keyword.WebUiBuiltInKeywords$verifyElementVisible$3.call(Unknown Source)
	at TC - Login.run(TC - Login:31)
	at com.kms.katalon.core.main.ScriptEngine.run(ScriptEngine.java:194)
	at com.kms.katalon.core.main.ScriptEngine.runScriptAsRawText(ScriptEngine.java:119)
	at com.kms.katalon.core.main.TestCaseExecutor.runScript(TestCaseExecutor.java:393)
	at com.kms.katalon.core.main.TestCaseExecutor.doExecute(TestCaseExecutor.java:384)
	at com.kms.katalon.core.main.TestCaseExecutor.processExecutionPhase(TestCaseExecutor.java:363)
	at com.kms.katalon.core.main.TestCaseExecutor.accessMainPhase(TestCaseExecutor.java:355)
	at com.kms.katalon.core.main.TestCaseExecutor.execute(TestCaseExecutor.java:251)
	at com.kms.katalon.core.main.TestSuiteExecutor.accessTestCaseMainPhase(TestSuiteExecutor.java:203)
	at com.kms.katalon.core.main.TestSuiteExecutor.accessTestSuiteMainPhase(TestSuiteExecutor.java:152)
	at com.kms.katalon.core.main.TestSuiteExecutor.execute(TestSuiteExecutor.java:95)
	at com.kms.katalon.core.main.TestCaseMain.startTestSuite(TestCaseMain.java:157)
	at com.kms.katalon.core.main.TestCaseMain$startTestSuite$0.call(Unknown Source)
	at TempTestSuite1632842200257.run(TempTestSuite1632842200257.groovy:39)
Caused by: com.kms.katalon.core.exception.StepFailedException: Web element with id: 'Object Repository/Page_Dashboard - PHPTRAVEL/a_Dashboard' located by '(//a[contains(text(),'Dashboard')])[2]' not found
	at com.kms.katalon.core.webui.keyword.internal.WebUIKeywordMain.stepFailed(WebUIKeywordMain.groovy:64)
	at com.kms.katalon.core.webui.keyword.builtin.VerifyElementVisibleKeyword$_verifyElementVisible_closure1.doCall(VerifyElementVisibleKeyword.groovy:89)
	at com.kms.katalon.core.webui.keyword.builtin.VerifyElementVisibleKeyword$_verifyElementVisible_closure1.call(VerifyElementVisibleKeyword.groovy)
	at com.kms.katalon.core.webui.keyword.internal.WebUIKeywordMain.runKeyword(WebUIKeywordMain.groovy:20)
	... 19 more]]></system-err>
      </testcase>
      <system-out><![CDATA[2021-09-28 23:16:53 - [TEST_SUITE][INCOMPLETE] - TS - Login: null]]></system-out>
      <system-err><![CDATA[2021-09-28 23:16:53 - [TEST_SUITE][INCOMPLETE] - TS - Login: null]]></system-err>
   </testsuite>
</testsuites>
